{"level":"debug","time":"2022-10-15T19:04:12.884+0530","caller":"cobra@v0.0.6/command.go:844","msg":"HyperExecute cli version: 0.0.191"}
{"level":"debug","time":"2022-10-15T19:04:14.142+0530","caller":"cmd/bin.go:158","msg":"Upstream version: {Min:0.1.14 Max:0.1.14} "}
{"level":"info","time":"2022-10-15T19:04:14.142+0530","caller":"core/lifecycle.go:74","msg":"Auto updating binary ..................."}
{"level":"debug","time":"2022-10-15T19:04:14.142+0530","caller":"core/lifecycle.go:74","msg":"Download url: https://stage-downloads.lambdatest.com/hyperexecute/darwin/hyperexecute"}
{"level":"debug","time":"2022-10-15T19:04:15.520+0530","caller":"core/lifecycle.go:74","msg":"New binary downloaded successfully "}
{"level":"debug","time":"2022-10-15T19:04:15.520+0530","caller":"core/lifecycle.go:74","msg":"Please run it again "}
{"level":"info","time":"2022-10-15T19:04:15.520+0530","caller":"cmd/bin.go:158","msg":"Update successfully installed. Please restart the binary"}
{"level":"debug","time":"2022-10-15T19:04:47.449+0530","caller":"cobra@v0.0.6/command.go:844","msg":"HyperExecute cli version: 0.1.14"}
{"level":"debug","time":"2022-10-15T19:04:48.476+0530","caller":"cmd/bin.go:158","msg":"Upstream version: {Min:0.1.14 Max:0.1.14} "}
{"level":"debug","time":"2022-10-15T19:04:48.476+0530","caller":"cmd/bin.go:158","msg":"Parsing config"}
{"level":"debug","time":"2022-10-15T19:04:48.476+0530","caller":"yamlconfigmanager/setup.go:58","msg":"Custom location for .hyperexecute.yaml specified. Using: .hyperexecute.yaml"}
{"level":"debug","time":"2022-10-15T19:04:48.476+0530","caller":"core/lifecycle.go:96","msg":"using hyperexecute config from : .hyperexecute.yaml"}
{"level":"debug","time":"2022-10-15T19:04:49.404+0530","caller":"core/lifecycle.go:96","msg":"Tunnel: false"}
{"level":"info","time":"2022-10-15T19:04:49.404+0530","caller":"core/lifecycle.go:103","msg":"\n\u001b[4m\u001b[1m\u001b[97mExecution Plan\u001b[0m\u001b[0m\u001b[0m"}
{"level":"info","time":"2022-10-15T19:04:49.404+0530","caller":"core/lifecycle.go:103","msg":"Mode:    \u001b[36mautosplit\u001b[0m"}
{"level":"info","time":"2022-10-15T19:04:49.404+0530","caller":"core/lifecycle.go:103","msg":"Runson:    \u001b[36mwin\u001b[0m"}
{"level":"info","time":"2022-10-15T19:04:49.404+0530","caller":"core/lifecycle.go:103","msg":"Concurrency:    \u001b[36m2\u001b[0m"}
{"level":"info","time":"2022-10-15T19:04:49.404+0530","caller":"core/lifecycle.go:103","msg":"Report:    \u001b[36mdisabled\u001b[0m"}
{"level":"info","time":"2022-10-15T19:04:49.404+0530","caller":"core/lifecycle.go:103","msg":"Artefacts:"}
{"level":"info","time":"2022-10-15T19:04:49.404+0530","caller":"core/lifecycle.go:103","msg":"    tango:    \u001b[36martefact_test/\u001b[0m"}
{"level":"info","time":"2022-10-15T19:04:49.404+0530","caller":"core/lifecycle.go:103","msg":""}
{"level":"debug","time":"2022-10-15T19:04:49.404+0530","caller":"core/lifecycle.go:106","msg":"Warning: Checking data.json file in current directory, no dataJsonPath found in .hyperexecute.yaml"}
{"level":"debug","time":"2022-10-15T19:04:49.404+0530","caller":"core/lifecycle.go:106","msg":"Warning: data.json file doesn't exist"}
{"level":"debug","time":"2022-10-15T19:04:49.404+0530","caller":"core/lifecycle.go:142","msg":"Test Discovery Comamand: cat stages.txt"}
{"level":"info","time":"2022-10-15T19:04:49.443+0530","caller":"core/lifecycle.go:142","msg":"\u001b[4m\u001b[1m\u001b[97mTest Discovery Result: 8\u001b[0m\u001b[0m\u001b[0m"}
{"level":"info","time":"2022-10-15T19:04:49.443+0530","caller":"core/lifecycle.go:142","msg":"    \u001b[2m1\u001b[0m\n    \u001b[2m2\u001b[0m\n    \u001b[2m3\u001b[0m\n    \u001b[2m4\u001b[0m\n    \u001b[2m5\u001b[0m\n    \u001b[2m6\u001b[0m\n    \u001b[2m7\u001b[0m\n    \u001b[2m8\u001b[0m\n"}
{"level":"error","time":"2022-10-15T19:05:21.925+0530","caller":"cmd/bin.go:158","msg":"Error finding the configuration for the user : error in authenticating user: Post \"https://stage-auth.lambdatest.com/api/user/token/auth\": POST https://stage-auth.lambdatest.com/api/user/token/auth giving up after 6 attempt(s) - error in authenticating user: Post \"https://stage-auth.lambdatest.com/api/user/token/auth\": POST https://stage-auth.lambdatest.com/api/user/token/auth giving up after 6 attempt(s)"}
{"level":"debug","time":"2022-10-15T19:05:24.778+0530","caller":"cmd/bin.go:158","msg":"Job ID: 2aaeb9ad-3acb-40ba-aa30-c9b38f45a47c"}
{"level":"debug","time":"2022-10-15T19:05:24.779+0530","caller":"core/lifecycle.go:314","msg":"Creating archive of target directory: /Users/riteshchaurasia/workspace/lambda/repo/python"}
{"level":"info","time":"2022-10-15T19:05:24.790+0530","caller":"archivemanager/setup.go:335","msg":"`---- .new.yaml"}
{"level":"info","time":"2022-10-15T19:05:24.790+0530","caller":"archivemanager/setup.go:335","msg":"`---- hyperexecute-cli.log"}
{"level":"info","time":"2022-10-15T19:05:24.790+0530","caller":"archivemanager/setup.go:335","msg":"`---- hyperexecuteupdate"}
{"level":"info","time":"2022-10-15T19:05:24.790+0530","caller":"archivemanager/setup.go:335","msg":"`---- main.py"}
{"level":"info","time":"2022-10-15T19:05:24.790+0530","caller":"archivemanager/setup.go:335","msg":"`---- stages.txt"}
{"level":"info","time":"2022-10-15T19:05:24.790+0530","caller":"archivemanager/setup.go:335","msg":"`---  artefact_test"}
{"level":"info","time":"2022-10-15T19:05:24.790+0530","caller":"archivemanager/setup.go:335","msg":"   `---- 1.txt"}
{"level":"info","time":"2022-10-15T19:05:24.790+0530","caller":"archivemanager/setup.go:335","msg":"    `---  2"}
{"level":"info","time":"2022-10-15T19:05:24.790+0530","caller":"archivemanager/setup.go:335","msg":"      `---- 2.txt"}
{"level":"debug","time":"2022-10-15T19:05:24.790+0530","caller":"core/lifecycle.go:314","msg":"Zip file size: 24KB"}
{"level":"debug","time":"2022-10-15T19:05:24.790+0530","caller":"cmd/bin.go:158","msg":"Archive location: /Users/riteshchaurasia/workspace/lambda/repo/python/hyperexecute-code-2aaeb9ad-3acb-40ba-aa30-c9b38f45a47c.zip\n"}
{"level":"debug","time":"2022-10-15T19:05:27.437+0530","caller":"core/lifecycle.go:338","msg":"Payload size: 28.7 kB"}
{"level":"debug","time":"2022-10-15T19:05:27.438+0530","caller":"core/lifecycle.go:338","msg":".hyperexecute/azcopy copy \"/Users/riteshchaurasia/workspace/lambda/repo/python/hyperexecute-code-2aaeb9ad-3acb-40ba-aa30-c9b38f45a47c.zip\" \"https://hyperexecutestage.blob.core.windows.net/uploads/2aaeb9ad-3acb-40ba-aa30-c9b38f45a47c.zip?st=2022-10-15T13%3A25%3A24Z&se=2022-10-15T15%3A15%3A24Z&sp=rw&sv=2018-03-28&sr=b&sig=ziDWHuWyY3fiXhK6kffcYLOYsxGqJWhS%2FC0pgv2XpJ0%3D\" --log-level=NONE"}
{"level":"debug","time":"2022-10-15T19:05:29.612+0530","caller":"core/lifecycle.go:338","msg":"Uploading yaml : /Users/riteshchaurasia/workspace/lambda/repo/python/.updatedhyperexecute.yaml"}
{"level":"debug","time":"2022-10-15T19:05:29.612+0530","caller":"core/lifecycle.go:338","msg":"Payload size: 598 B"}
{"level":"debug","time":"2022-10-15T19:05:31.802+0530","caller":"core/lifecycle.go:338","msg":""}
{"level":"info","time":"2022-10-15T19:05:39.985+0530","caller":"core/lifecycle.go:358","msg":"Job \u001b[1m\u001b[4m2aaeb9ad-3acb-40ba-aa30-c9b38f45a47c\u001b[0m\u001b[0m has \u001b[97mRUNNING\u001b[0m"}
{"level":"info","time":"2022-10-15T19:05:39.986+0530","caller":"core/lifecycle.go:358","msg":"Job Link: \u001b[4m\u001b[34mhttps://stage-hyperexecute.lambdatest.com/hyperexecute/task?jobId=2aaeb9ad-3acb-40ba-aa30-c9b38f45a47c\u001b[0m\u001b[0m\n"}
{"level":"debug","time":"2022-10-15T19:05:39.986+0530","caller":"core/lifecycle.go:358","msg":"New Tasks generated"}
{"level":"debug","time":"2022-10-15T19:05:39.986+0530","caller":"core/lifecycle.go:358","msg":"Task id: ae734e3c-b8b7-4517-85b4-49c5f8f36350"}
{"level":"debug","time":"2022-10-15T19:05:39.986+0530","caller":"core/lifecycle.go:358","msg":"Sending new task alert to stage manager for taskId: ae734e3c-b8b7-4517-85b4-49c5f8f36350"}
{"level":"debug","time":"2022-10-15T19:05:39.986+0530","caller":"core/lifecycle.go:358","msg":"Task id: aa1ba23c-c713-4d0c-aab9-c8e722063514"}
{"level":"debug","time":"2022-10-15T19:05:39.986+0530","caller":"core/lifecycle.go:358","msg":"Sending new task alert to stage manager for taskId: aa1ba23c-c713-4d0c-aab9-c8e722063514"}
{"level":"info","time":"2022-10-15T19:10:59.175+0530","caller":"core/lifecycle.go:358","msg":"Job \u001b[1m\u001b[4m2aaeb9ad-3acb-40ba-aa30-c9b38f45a47c\u001b[0m\u001b[0m has \u001b[97mCOMPLETED\u001b[0m"}
{"level":"info","time":"2022-10-15T19:10:59.175+0530","caller":"core/lifecycle.go:358","msg":"Job Link: \u001b[4m\u001b[34mhttps://stage-hyperexecute.lambdatest.com/hyperexecute/task?jobId=2aaeb9ad-3acb-40ba-aa30-c9b38f45a47c\u001b[0m\u001b[0m\n"}
{"level":"debug","time":"2022-10-15T19:10:59.186+0530","caller":"core/lifecycle.go:358","msg":"\n\nJob status"}
{"level":"info","time":"2022-10-15T19:10:59.186+0530","caller":"core/lifecycle.go:358","msg":"\n\nJob status"}
{"level":"info","time":"2022-10-15T19:10:59.186+0530","caller":"core/lifecycle.go:358","msg":" ID: 2aaeb9ad-3acb-40ba-aa30-c9b38f45a47c\n Status: \u001b[97mCOMPLETED\u001b[0m\n Remark: \n OrgID: 150967\n Created: 2022-10-15 13:35:24 +0000 UTC\n Updated: 2022-10-15 13:40:56 +0000 UTC\n global timeout: 90\n testsuite timeout: 90\n retry on failure: false\n start time: 2022-10-15 13:35:35 +0000 UTC\n end time: 0001-01-01 00:00:00 +0000 UTC\n duration: -2562047h47m16.854775808s"}
{"level":"info","time":"2022-10-15T19:10:59.186+0530","caller":"core/lifecycle.go:358","msg":"\n\nTask status\n"}
{"level":"info","time":"2022-10-15T19:10:59.186+0530","caller":"core/lifecycle.go:358","msg":" ID: ae734e3c-b8b7-4517-85b4-49c5f8f36350\n Status: rescheduling\n Remark: Rescheduling this task\n Created: 2022-10-15 13:35:33 +0000 UTC\n Updated: 2022-10-15 13:37:35 +0000 UTC\n context: {\"_jobId\": \"2aaeb9ad-3acb-40ba-aa30-c9b38f45a47c\", \"_taskId\": \"ae734e3c-b8b7-4517-85b4-49c5f8f36350\"}\n tunnel name: \n os: win\n start time: 2022-10-15 13:35:35 +0000 UTC\n end time: 0001-01-01 00:00:00 +0000 UTC\n duration: -2562047h47m16.854775808s"}
{"level":"info","time":"2022-10-15T19:10:59.186+0530","caller":"core/lifecycle.go:358","msg":"\n"}
{"level":"info","time":"2022-10-15T19:10:59.186+0530","caller":"core/lifecycle.go:358","msg":" ID: aa1ba23c-c713-4d0c-aab9-c8e722063514\n Status: rescheduling\n Remark: Rescheduling this task\n Created: 2022-10-15 13:35:33 +0000 UTC\n Updated: 2022-10-15 13:37:35 +0000 UTC\n context: {\"_jobId\": \"2aaeb9ad-3acb-40ba-aa30-c9b38f45a47c\", \"_taskId\": \"aa1ba23c-c713-4d0c-aab9-c8e722063514\"}\n tunnel name: \n os: win\n start time: 2022-10-15 13:35:35 +0000 UTC\n end time: 0001-01-01 00:00:00 +0000 UTC\n duration: -2562047h47m16.854775808s"}
{"level":"info","time":"2022-10-15T19:10:59.186+0530","caller":"core/lifecycle.go:358","msg":"\n"}
{"level":"info","time":"2022-10-15T19:10:59.187+0530","caller":"taskstagemanager/tracker.go:143","msg":"\n\u001b[102m\u001b[1m\u001b[30m COMPLETED \u001b[0m\u001b[0m\u001b[0m\n"}
{"level":"info","time":"2022-10-15T19:10:59.187+0530","caller":"jobmanager/JobSummaryManager.go:39","msg":"    \u001b[1mTest Execution Time\u001b[0m:         \u001b[92m1m37s\u001b[0m"}
{"level":"info","time":"2022-10-15T19:10:59.187+0530","caller":"jobmanager/JobSummaryManager.go:39","msg":"    \u001b[1mTest Execution Time\u001b[0m:         \u001b[92m1m37s\u001b[0m"}
{"level":"info","time":"2022-10-15T19:10:59.187+0530","caller":"jobmanager/JobSummaryManager.go:39","msg":"    \u001b[1mJob Duration Time\u001b[0m:           -2562047h47m16.854775808s"}
{"level":"info","time":"2022-10-15T19:10:59.187+0530","caller":"jobmanager/JobSummaryManager.go:39","msg":"    \u001b[1mTotal Tasks\u001b[0m:                 2"}
{"level":"info","time":"2022-10-15T19:10:59.187+0530","caller":"jobmanager/JobSummaryManager.go:39","msg":"    \u001b[1mCumulative Time Consumed\u001b[0m:    0s"}
{"level":"info","time":"2022-10-15T19:10:59.188+0530","caller":"jobmanager/JobSummaryManager.go:39","msg":"    \u001b[1mTotal Stages\u001b[0m:                14"}
{"level":"info","time":"2022-10-15T19:10:59.188+0530","caller":"jobmanager/JobSummaryManager.go:39","msg":"    \u001b[1mPass stage percentage\u001b[0m:       \u001b[92m100.00%\u001b[0m"}
{"level":"info","time":"2022-10-15T19:10:59.188+0530","caller":"jobmanager/JobSummaryManager.go:39","msg":"    \u001b[1mFailed stage percentage\u001b[0m:     0.00%"}
{"level":"info","time":"2022-10-15T19:10:59.188+0530","caller":"jobmanager/JobSummaryManager.go:39","msg":"    \u001b[1mFailed Tasks\u001b[0m:                0"}
{"level":"info","time":"2022-10-15T19:10:59.188+0530","caller":"taskstagemanager/tracker.go:143","msg":""}
{"level":"debug","time":"2022-10-15T19:11:00.260+0530","caller":"core/lifecycle.go:408","msg":"\nArtifacts ready to be downloaded for task id: ae734e3c-b8b7-4517-85b4-49c5f8f36350 --- [https://hyperexecutestage.blob.core.windows.net/artefacts/b0634149-eedc-433a-af2c-d58825d41efa/tango/artefact_test/1.txt?se=2022-10-15T17%3A41%3A00Z&sig=W7i54icGAgPphLlsMZo1lKY4ZCnABFiCfqd%2BJeILIQ0%3D&sp=r&spr=https&sr=b&sv=2020-04-08 https://hyperexecutestage.blob.core.windows.net/artefacts/b0634149-eedc-433a-af2c-d58825d41efa/tango/artefact_test/2/2.txt?se=2022-10-15T17%3A41%3A00Z&sig=fLH6WtgYLWdflUzYAowhNBmQtpM%2B6XJPAaCG%2FJuRPQg%3D&sp=r&spr=https&sr=b&sv=2020-04-08]\n"}
{"level":"debug","time":"2022-10-15T19:11:00.260+0530","caller":"core/lifecycle.go:408","msg":" https://hyperexecutestage.blob.core.windows.net/artefacts/b0634149-eedc-433a-af2c-d58825d41efa/tango/artefact_test/1.txt?se=2022-10-15T17%3A41%3A00Z&sig=W7i54icGAgPphLlsMZo1lKY4ZCnABFiCfqd%2BJeILIQ0%3D&sp=r&spr=https&sr=b&sv=2020-04-08"}
{"level":"debug","time":"2022-10-15T19:11:00.260+0530","caller":"core/lifecycle.go:408","msg":" https://hyperexecutestage.blob.core.windows.net/artefacts/b0634149-eedc-433a-af2c-d58825d41efa/tango/artefact_test/2/2.txt?se=2022-10-15T17%3A41%3A00Z&sig=fLH6WtgYLWdflUzYAowhNBmQtpM%2B6XJPAaCG%2FJuRPQg%3D&sp=r&spr=https&sr=b&sv=2020-04-08"}
{"level":"debug","time":"2022-10-15T19:11:00.495+0530","caller":"core/lifecycle.go:408","msg":"\nDownloading artefacts for task id: ae734e3c-b8b7-4517-85b4-49c5f8f36350\n"}
{"level":"debug","time":"2022-10-15T19:11:02.840+0530","caller":"core/lifecycle.go:408","msg":"\nDownloading artefacts completed for task id: ae734e3c-b8b7-4517-85b4-49c5f8f36350\n"}
{"level":"debug","time":"2022-10-15T19:11:03.118+0530","caller":"core/lifecycle.go:408","msg":"\nArtifacts ready to be downloaded for task id: aa1ba23c-c713-4d0c-aab9-c8e722063514 --- [https://hyperexecutestage.blob.core.windows.net/artefacts/91c477d0-f9fc-44a6-9a30-58b2394edeac/tango/artefact_test/1.txt?se=2022-10-15T17%3A41%3A03Z&sig=nBoR4svQ6wQTuaL1ceM6M8%2FOuTg5b7k10FvlWg58xNk%3D&sp=r&spr=https&sr=b&sv=2020-04-08 https://hyperexecutestage.blob.core.windows.net/artefacts/91c477d0-f9fc-44a6-9a30-58b2394edeac/tango/artefact_test/2/2.txt?se=2022-10-15T17%3A41%3A03Z&sig=6tBmiV32UYReWundypsp9AaK%2B4pLjzC2Ak66O3Ra8l0%3D&sp=r&spr=https&sr=b&sv=2020-04-08]\n"}
{"level":"debug","time":"2022-10-15T19:11:03.118+0530","caller":"core/lifecycle.go:408","msg":" https://hyperexecutestage.blob.core.windows.net/artefacts/91c477d0-f9fc-44a6-9a30-58b2394edeac/tango/artefact_test/1.txt?se=2022-10-15T17%3A41%3A03Z&sig=nBoR4svQ6wQTuaL1ceM6M8%2FOuTg5b7k10FvlWg58xNk%3D&sp=r&spr=https&sr=b&sv=2020-04-08"}
{"level":"debug","time":"2022-10-15T19:11:03.118+0530","caller":"core/lifecycle.go:408","msg":" https://hyperexecutestage.blob.core.windows.net/artefacts/91c477d0-f9fc-44a6-9a30-58b2394edeac/tango/artefact_test/2/2.txt?se=2022-10-15T17%3A41%3A03Z&sig=6tBmiV32UYReWundypsp9AaK%2B4pLjzC2Ak66O3Ra8l0%3D&sp=r&spr=https&sr=b&sv=2020-04-08"}
{"level":"debug","time":"2022-10-15T19:11:03.355+0530","caller":"core/lifecycle.go:408","msg":"\nDownloading artefacts for task id: aa1ba23c-c713-4d0c-aab9-c8e722063514\n"}
{"level":"debug","time":"2022-10-15T19:11:05.494+0530","caller":"core/lifecycle.go:408","msg":"\nDownloading artefacts completed for task id: aa1ba23c-c713-4d0c-aab9-c8e722063514\n"}
{"level":"debug","time":"2022-10-15T19:11:05.495+0530","caller":"core/lifecycle.go:408","msg":"pathRemoved%!(EXTRA string=/Users/riteshchaurasia/workspace/lambda/repo/python/artifacts/tango/artefact_test)"}
{"level":"debug","time":"2022-10-15T19:11:05.495+0530","caller":"core/lifecycle.go:408","msg":"newPath%!(EXTRA string=/Users/riteshchaurasia/workspace/lambda/repo/python/artifacts/tango/tango)"}
{"level":"debug","time":"2022-10-15T19:11:05.496+0530","caller":"cmd/bin.go:158","msg":"Successfully deleted code archive: /Users/riteshchaurasia/workspace/lambda/repo/python/hyperexecute-code-2aaeb9ad-3acb-40ba-aa30-c9b38f45a47c.zip\n"}
{"level":"debug","time":"2022-10-15T19:11:05.496+0530","caller":"cmd/bin.go:158","msg":"Context cancelled"}
{"level":"info","time":"2022-10-15T19:11:05.496+0530","caller":"cmd/bin.go:158","msg":"\u001b[2mStopping pipeline gracefully\u001b[0m"}
{"level":"debug","time":"2022-10-15T19:11:05.496+0530","caller":"cmd/bin.go:158","msg":"Quit requested from main goroutine...."}
{"level":"debug","time":"2022-10-15T19:11:05.496+0530","caller":"cmd/bin.go:158","msg":"Waiting for the goroutines to exit"}
{"level":"debug","time":"2022-10-15T19:11:05.496+0530","caller":"cmd/bin.go:158","msg":"All goroutines exited"}
{"level":"debug","time":"2022-10-15T19:11:05.624+0530","caller":"runtime/asm_arm64.s:1172","msg":"main: all goroutines have finished."}
{"level":"debug","time":"2022-10-16T01:20:19.558+0530","caller":"cobra@v0.0.6/command.go:844","msg":"HyperExecute cli version: 0.1.14"}
{"level":"debug","time":"2022-10-16T01:20:20.782+0530","caller":"cmd/bin.go:158","msg":"Upstream version: {Min:0.1.14 Max:0.1.14} "}
{"level":"debug","time":"2022-10-16T01:20:20.782+0530","caller":"cmd/bin.go:158","msg":"Parsing config"}
{"level":"debug","time":"2022-10-16T01:20:20.782+0530","caller":"yamlconfigmanager/setup.go:58","msg":"Custom location for .hyperexecute.yaml specified. Using: .hyperexecute.yaml"}
{"level":"debug","time":"2022-10-16T01:20:20.782+0530","caller":"core/lifecycle.go:96","msg":"using hyperexecute config from : .hyperexecute.yaml"}
{"level":"debug","time":"2022-10-16T01:20:21.752+0530","caller":"core/lifecycle.go:96","msg":"The artifacts folder /Users/riteshchaurasia/workspace/lambda/repo/python/artifacts/tango is not empty, moving it to a separate directory /Users/riteshchaurasia/workspace/lambda/repo/python/artifacts-old/tango"}
{"level":"debug","time":"2022-10-16T01:20:21.755+0530","caller":"core/lifecycle.go:96","msg":"Tunnel: false"}
{"level":"info","time":"2022-10-16T01:20:21.755+0530","caller":"core/lifecycle.go:103","msg":"\n\u001b[4m\u001b[1m\u001b[97mExecution Plan\u001b[0m\u001b[0m\u001b[0m"}
{"level":"info","time":"2022-10-16T01:20:21.755+0530","caller":"core/lifecycle.go:103","msg":"Mode:    \u001b[36mautosplit\u001b[0m"}
{"level":"info","time":"2022-10-16T01:20:21.755+0530","caller":"core/lifecycle.go:103","msg":"Runson:    \u001b[36mwin\u001b[0m"}
{"level":"info","time":"2022-10-16T01:20:21.755+0530","caller":"core/lifecycle.go:103","msg":"Concurrency:    \u001b[36m2\u001b[0m"}
{"level":"info","time":"2022-10-16T01:20:21.755+0530","caller":"core/lifecycle.go:103","msg":"Report:    \u001b[36mdisabled\u001b[0m"}
{"level":"info","time":"2022-10-16T01:20:21.755+0530","caller":"core/lifecycle.go:103","msg":"Artefacts:"}
{"level":"info","time":"2022-10-16T01:20:21.755+0530","caller":"core/lifecycle.go:103","msg":"    tango:    \u001b[36martefact_test/\u001b[0m"}
{"level":"info","time":"2022-10-16T01:20:21.755+0530","caller":"core/lifecycle.go:103","msg":""}
{"level":"debug","time":"2022-10-16T01:20:21.755+0530","caller":"core/lifecycle.go:106","msg":"Warning: Checking data.json file in current directory, no dataJsonPath found in .hyperexecute.yaml"}
{"level":"debug","time":"2022-10-16T01:20:21.755+0530","caller":"core/lifecycle.go:106","msg":"Warning: data.json file doesn't exist"}
{"level":"debug","time":"2022-10-16T01:20:21.755+0530","caller":"core/lifecycle.go:142","msg":"Test Discovery Comamand: cat stages.txt"}
{"level":"info","time":"2022-10-16T01:20:21.773+0530","caller":"core/lifecycle.go:142","msg":"\u001b[4m\u001b[1m\u001b[97mTest Discovery Result: 4\u001b[0m\u001b[0m\u001b[0m"}
{"level":"info","time":"2022-10-16T01:20:21.773+0530","caller":"core/lifecycle.go:142","msg":"    \u001b[2m1\u001b[0m\n    \u001b[2m2\u001b[0m\n    \u001b[2m3\u001b[0m\n    \u001b[2m4\u001b[0m\n"}
{"level":"error","time":"2022-10-16T01:20:53.744+0530","caller":"cmd/bin.go:158","msg":"Error finding the configuration for the user : error in authenticating user: Post \"https://stage-auth.lambdatest.com/api/user/token/auth\": POST https://stage-auth.lambdatest.com/api/user/token/auth giving up after 6 attempt(s) - error in authenticating user: Post \"https://stage-auth.lambdatest.com/api/user/token/auth\": POST https://stage-auth.lambdatest.com/api/user/token/auth giving up after 6 attempt(s)"}
{"level":"debug","time":"2022-10-16T01:20:55.600+0530","caller":"cmd/bin.go:158","msg":"Job ID: 9fa43683-282f-44fb-a4a0-c87946806484"}
{"level":"debug","time":"2022-10-16T01:20:55.600+0530","caller":"core/lifecycle.go:314","msg":"Creating archive of target directory: /Users/riteshchaurasia/workspace/lambda/repo/python"}
{"level":"info","time":"2022-10-16T01:20:55.605+0530","caller":"archivemanager/setup.go:335","msg":"`---- .new.yaml"}
{"level":"info","time":"2022-10-16T01:20:55.605+0530","caller":"archivemanager/setup.go:335","msg":"`---- hyperexecuteupdate"}
{"level":"info","time":"2022-10-16T01:20:55.605+0530","caller":"archivemanager/setup.go:335","msg":"`---- main.py"}
{"level":"info","time":"2022-10-16T01:20:55.605+0530","caller":"archivemanager/setup.go:335","msg":"`---- stages.txt"}
{"level":"info","time":"2022-10-16T01:20:55.605+0530","caller":"archivemanager/setup.go:335","msg":"`---  artefact_test"}
{"level":"info","time":"2022-10-16T01:20:55.605+0530","caller":"archivemanager/setup.go:335","msg":"   `---- 1.txt"}
{"level":"info","time":"2022-10-16T01:20:55.605+0530","caller":"archivemanager/setup.go:335","msg":"    `---  2"}
{"level":"info","time":"2022-10-16T01:20:55.605+0530","caller":"archivemanager/setup.go:335","msg":"      `---- 2.txt"}
{"level":"debug","time":"2022-10-16T01:20:55.605+0530","caller":"core/lifecycle.go:314","msg":"Zip file size: 0KB"}
{"level":"debug","time":"2022-10-16T01:20:55.605+0530","caller":"cmd/bin.go:158","msg":"Archive location: /Users/riteshchaurasia/workspace/lambda/repo/python/hyperexecute-code-9fa43683-282f-44fb-a4a0-c87946806484.zip\n"}
{"level":"debug","time":"2022-10-16T01:21:01.044+0530","caller":"core/lifecycle.go:338","msg":"Payload size: 2.3 kB"}
{"level":"debug","time":"2022-10-16T01:21:01.046+0530","caller":"core/lifecycle.go:338","msg":".hyperexecute/azcopy copy \"/Users/riteshchaurasia/workspace/lambda/repo/python/hyperexecute-code-9fa43683-282f-44fb-a4a0-c87946806484.zip\" \"https://hyperexecutestage.blob.core.windows.net/uploads/9fa43683-282f-44fb-a4a0-c87946806484.zip?st=2022-10-15T19%3A40%3A55Z&se=2022-10-15T21%3A30%3A55Z&sp=rw&sv=2018-03-28&sr=b&sig=xDx9aHYDxssYtM2pSp6A%2FkMLMTfmxLUwdH4DY6gdlLA%3D\" --log-level=NONE"}
{"level":"debug","time":"2022-10-16T01:21:03.267+0530","caller":"core/lifecycle.go:338","msg":"Uploading yaml : /Users/riteshchaurasia/workspace/lambda/repo/python/.updatedhyperexecute.yaml"}
{"level":"debug","time":"2022-10-16T01:21:03.267+0530","caller":"core/lifecycle.go:338","msg":"Payload size: 574 B"}
{"level":"debug","time":"2022-10-16T01:21:05.648+0530","caller":"core/lifecycle.go:338","msg":""}
{"level":"info","time":"2022-10-16T01:21:14.116+0530","caller":"core/lifecycle.go:358","msg":"Job \u001b[1m\u001b[4m9fa43683-282f-44fb-a4a0-c87946806484\u001b[0m\u001b[0m has \u001b[97mRUNNING\u001b[0m"}
{"level":"info","time":"2022-10-16T01:21:14.117+0530","caller":"core/lifecycle.go:358","msg":"Job Link: \u001b[4m\u001b[34mhttps://stage-hyperexecute.lambdatest.com/hyperexecute/task?jobId=9fa43683-282f-44fb-a4a0-c87946806484\u001b[0m\u001b[0m\n"}
{"level":"debug","time":"2022-10-16T01:21:14.117+0530","caller":"core/lifecycle.go:358","msg":"New Tasks generated"}
{"level":"debug","time":"2022-10-16T01:21:14.117+0530","caller":"core/lifecycle.go:358","msg":"Task id: 7a71240c-2dd0-4a73-b4af-d72402350281"}
{"level":"debug","time":"2022-10-16T01:21:14.117+0530","caller":"core/lifecycle.go:358","msg":"Sending new task alert to stage manager for taskId: 7a71240c-2dd0-4a73-b4af-d72402350281"}
{"level":"debug","time":"2022-10-16T01:21:14.117+0530","caller":"core/lifecycle.go:358","msg":"Task id: 06ddfe4b-6f6b-4734-bae8-fdc99c145ec3"}
{"level":"debug","time":"2022-10-16T01:21:14.117+0530","caller":"core/lifecycle.go:358","msg":"Sending new task alert to stage manager for taskId: 06ddfe4b-6f6b-4734-bae8-fdc99c145ec3"}
{"level":"info","time":"2022-10-16T01:27:13.262+0530","caller":"core/lifecycle.go:358","msg":"Job \u001b[1m\u001b[4m9fa43683-282f-44fb-a4a0-c87946806484\u001b[0m\u001b[0m has \u001b[101m LAMBDA_ERROR \u001b[0m"}
{"level":"info","time":"2022-10-16T01:27:13.263+0530","caller":"core/lifecycle.go:358","msg":"Job Link: \u001b[4m\u001b[34mhttps://stage-hyperexecute.lambdatest.com/hyperexecute/task?jobId=9fa43683-282f-44fb-a4a0-c87946806484\u001b[0m\u001b[0m\n"}
{"level":"error","time":"2022-10-16T01:27:13.276+0530","caller":"core/lifecycle.go:358","msg":"\nJob lambda_error!"}
{"level":"debug","time":"2022-10-16T01:27:13.278+0530","caller":"core/lifecycle.go:358","msg":"\n\nJob status"}
{"level":"info","time":"2022-10-16T01:27:13.279+0530","caller":"core/lifecycle.go:358","msg":"\n\nJob status"}
{"level":"info","time":"2022-10-16T01:27:13.279+0530","caller":"core/lifecycle.go:358","msg":" ID: 9fa43683-282f-44fb-a4a0-c87946806484\n Status: \u001b[101m LAMBDA_ERROR \u001b[0m\n Remark: \n OrgID: 150967\n Created: 2022-10-15 19:50:55 +0000 UTC\n Updated: 2022-10-15 19:57:08 +0000 UTC\n global timeout: 90\n testsuite timeout: 90\n retry on failure: false\n start time: 2022-10-15 19:51:09 +0000 UTC\n end time: 0001-01-01 00:00:00 +0000 UTC\n duration: -2562047h47m16.854775808s"}
{"level":"info","time":"2022-10-16T01:27:13.279+0530","caller":"core/lifecycle.go:358","msg":"\n\nTask status\n"}
{"level":"info","time":"2022-10-16T01:27:13.279+0530","caller":"core/lifecycle.go:358","msg":" ID: 7a71240c-2dd0-4a73-b4af-d72402350281\n Status: rescheduling\n Remark: Rescheduling this task\n Created: 2022-10-15 19:51:07 +0000 UTC\n Updated: 2022-10-15 19:53:49 +0000 UTC\n context: {\"_jobId\": \"9fa43683-282f-44fb-a4a0-c87946806484\", \"_taskId\": \"7a71240c-2dd0-4a73-b4af-d72402350281\"}\n tunnel name: \n os: win\n start time: 2022-10-15 19:51:09 +0000 UTC\n end time: 0001-01-01 00:00:00 +0000 UTC\n duration: -2562047h47m16.854775808s"}
{"level":"info","time":"2022-10-16T01:27:13.279+0530","caller":"core/lifecycle.go:358","msg":"\n"}
{"level":"info","time":"2022-10-16T01:27:13.279+0530","caller":"core/lifecycle.go:358","msg":" ID: 06ddfe4b-6f6b-4734-bae8-fdc99c145ec3\n Status: rescheduling\n Remark: Rescheduling this task\n Created: 2022-10-15 19:51:07 +0000 UTC\n Updated: 2022-10-15 19:53:49 +0000 UTC\n context: {\"_jobId\": \"9fa43683-282f-44fb-a4a0-c87946806484\", \"_taskId\": \"06ddfe4b-6f6b-4734-bae8-fdc99c145ec3\"}\n tunnel name: \n os: win\n start time: 2022-10-15 19:51:09 +0000 UTC\n end time: 0001-01-01 00:00:00 +0000 UTC\n duration: -2562047h47m16.854775808s"}
{"level":"info","time":"2022-10-16T01:27:13.289+0530","caller":"core/lifecycle.go:358","msg":"\n"}
{"level":"info","time":"2022-10-16T01:27:13.289+0530","caller":"taskstagemanager/tracker.go:143","msg":"\n\u001b[101m LAMBDA_ERROR \u001b[0m\n"}
{"level":"info","time":"2022-10-16T01:27:13.289+0530","caller":"jobmanager/JobSummaryManager.go:39","msg":"    \u001b[1mTest Execution Time\u001b[0m:         \u001b[91m2m13s\u001b[0m"}
{"level":"info","time":"2022-10-16T01:27:13.289+0530","caller":"jobmanager/JobSummaryManager.go:39","msg":"    \u001b[1mTest Execution Time\u001b[0m:         \u001b[91m2m13s\u001b[0m"}
{"level":"info","time":"2022-10-16T01:27:13.289+0530","caller":"jobmanager/JobSummaryManager.go:39","msg":"    \u001b[1mJob Duration Time\u001b[0m:           -2562047h47m16.854775808s"}
{"level":"info","time":"2022-10-16T01:27:13.289+0530","caller":"jobmanager/JobSummaryManager.go:39","msg":"    \u001b[1mTotal Tasks\u001b[0m:                 2"}
{"level":"info","time":"2022-10-16T01:27:13.289+0530","caller":"jobmanager/JobSummaryManager.go:39","msg":"    \u001b[1mCumulative Time Consumed\u001b[0m:    0s"}
{"level":"info","time":"2022-10-16T01:27:13.289+0530","caller":"jobmanager/JobSummaryManager.go:39","msg":"    \u001b[1mTotal Stages\u001b[0m:                10"}
{"level":"info","time":"2022-10-16T01:27:13.289+0530","caller":"jobmanager/JobSummaryManager.go:39","msg":"    \u001b[1mPass stage percentage\u001b[0m:       40.00%"}
{"level":"info","time":"2022-10-16T01:27:13.289+0530","caller":"jobmanager/JobSummaryManager.go:39","msg":"    \u001b[1mFailed stage percentage\u001b[0m:     \u001b[91m60.00%\u001b[0m"}
{"level":"info","time":"2022-10-16T01:27:13.289+0530","caller":"jobmanager/JobSummaryManager.go:39","msg":"    \u001b[1mFailed Tasks\u001b[0m:                0"}
{"level":"info","time":"2022-10-16T01:27:13.289+0530","caller":"taskstagemanager/tracker.go:143","msg":""}
{"level":"debug","time":"2022-10-16T01:27:14.833+0530","caller":"cmd/bin.go:158","msg":"Successfully deleted code archive: /Users/riteshchaurasia/workspace/lambda/repo/python/hyperexecute-code-9fa43683-282f-44fb-a4a0-c87946806484.zip\n"}
{"level":"debug","time":"2022-10-16T01:27:14.833+0530","caller":"cmd/bin.go:158","msg":"Context cancelled"}
{"level":"info","time":"2022-10-16T01:27:14.833+0530","caller":"cmd/bin.go:158","msg":"\u001b[2mStopping pipeline gracefully\u001b[0m"}
{"level":"debug","time":"2022-10-16T01:27:14.833+0530","caller":"cmd/bin.go:158","msg":"Quit requested from main goroutine...."}
{"level":"debug","time":"2022-10-16T01:27:14.833+0530","caller":"cmd/bin.go:158","msg":"Waiting for the goroutines to exit"}
{"level":"debug","time":"2022-10-16T01:27:14.833+0530","caller":"cmd/bin.go:158","msg":"All goroutines exited"}
{"level":"debug","time":"2022-10-16T01:27:14.833+0530","caller":"runtime/asm_arm64.s:1172","msg":"main: all goroutines have finished."}
{"level":"debug","time":"2022-10-16T01:28:49.366+0530","caller":"cobra@v0.0.6/command.go:844","msg":"HyperExecute cli version: 0.1.14"}
{"level":"debug","time":"2022-10-16T01:28:50.634+0530","caller":"cmd/bin.go:158","msg":"Upstream version: {Min:0.1.14 Max:0.1.14} "}
{"level":"debug","time":"2022-10-16T01:28:50.634+0530","caller":"cmd/bin.go:158","msg":"Parsing config"}
{"level":"debug","time":"2022-10-16T01:28:50.634+0530","caller":"yamlconfigmanager/setup.go:58","msg":"Custom location for .hyperexecute.yaml specified. Using: .hyperexecute.yaml"}
{"level":"debug","time":"2022-10-16T01:28:50.634+0530","caller":"core/lifecycle.go:96","msg":"using hyperexecute config from : .hyperexecute.yaml"}
{"level":"debug","time":"2022-10-16T01:28:51.624+0530","caller":"core/lifecycle.go:96","msg":"Tunnel: false"}
{"level":"info","time":"2022-10-16T01:28:51.624+0530","caller":"core/lifecycle.go:103","msg":"\n\u001b[4m\u001b[1m\u001b[97mExecution Plan\u001b[0m\u001b[0m\u001b[0m"}
{"level":"info","time":"2022-10-16T01:28:51.624+0530","caller":"core/lifecycle.go:103","msg":"Mode:    \u001b[36mautosplit\u001b[0m"}
{"level":"info","time":"2022-10-16T01:28:51.624+0530","caller":"core/lifecycle.go:103","msg":"Runson:    \u001b[36mwin\u001b[0m"}
{"level":"info","time":"2022-10-16T01:28:51.625+0530","caller":"core/lifecycle.go:103","msg":"Concurrency:    \u001b[36m2\u001b[0m"}
{"level":"info","time":"2022-10-16T01:28:51.625+0530","caller":"core/lifecycle.go:103","msg":"Report:    \u001b[36mdisabled\u001b[0m"}
{"level":"info","time":"2022-10-16T01:28:51.625+0530","caller":"core/lifecycle.go:103","msg":"Artefacts:"}
{"level":"info","time":"2022-10-16T01:28:51.625+0530","caller":"core/lifecycle.go:103","msg":"    tango:    \u001b[36martefact_test/\u001b[0m"}
{"level":"info","time":"2022-10-16T01:28:51.625+0530","caller":"core/lifecycle.go:103","msg":""}
{"level":"debug","time":"2022-10-16T01:28:51.625+0530","caller":"core/lifecycle.go:106","msg":"Warning: Checking data.json file in current directory, no dataJsonPath found in .hyperexecute.yaml"}
{"level":"debug","time":"2022-10-16T01:28:51.625+0530","caller":"core/lifecycle.go:106","msg":"Warning: data.json file doesn't exist"}
{"level":"debug","time":"2022-10-16T01:28:51.625+0530","caller":"core/lifecycle.go:142","msg":"Test Discovery Comamand: cat stages.txt"}
{"level":"info","time":"2022-10-16T01:28:51.672+0530","caller":"core/lifecycle.go:142","msg":"\u001b[4m\u001b[1m\u001b[97mTest Discovery Result: 4\u001b[0m\u001b[0m\u001b[0m"}
{"level":"info","time":"2022-10-16T01:28:51.672+0530","caller":"core/lifecycle.go:142","msg":"    \u001b[2m1\u001b[0m\n    \u001b[2m2\u001b[0m\n    \u001b[2m3\u001b[0m\n    \u001b[2m4\u001b[0m\n"}
{"level":"error","time":"2022-10-16T01:29:23.278+0530","caller":"cmd/bin.go:158","msg":"Error finding the configuration for the user : error in authenticating user: Post \"https://stage-auth.lambdatest.com/api/user/token/auth\": POST https://stage-auth.lambdatest.com/api/user/token/auth giving up after 6 attempt(s) - error in authenticating user: Post \"https://stage-auth.lambdatest.com/api/user/token/auth\": POST https://stage-auth.lambdatest.com/api/user/token/auth giving up after 6 attempt(s)"}
{"level":"debug","time":"2022-10-16T01:29:25.165+0530","caller":"cmd/bin.go:158","msg":"Job ID: 085e6bca-7f6a-4b49-9d5a-8a78a12873b8"}
{"level":"debug","time":"2022-10-16T01:29:25.165+0530","caller":"core/lifecycle.go:314","msg":"Creating archive of target directory: /Users/riteshchaurasia/workspace/lambda/repo/python"}
{"level":"info","time":"2022-10-16T01:29:25.187+0530","caller":"archivemanager/setup.go:335","msg":"`---- .new.yaml"}
{"level":"info","time":"2022-10-16T01:29:25.188+0530","caller":"archivemanager/setup.go:335","msg":"`---- hyperexecuteupdate"}
{"level":"info","time":"2022-10-16T01:29:25.188+0530","caller":"archivemanager/setup.go:335","msg":"`---- main.py"}
{"level":"info","time":"2022-10-16T01:29:25.188+0530","caller":"archivemanager/setup.go:335","msg":"`---- stages.txt"}
{"level":"info","time":"2022-10-16T01:29:25.188+0530","caller":"archivemanager/setup.go:335","msg":"`---  artefact_test"}
{"level":"info","time":"2022-10-16T01:29:25.188+0530","caller":"archivemanager/setup.go:335","msg":"   `---- 1.txt"}
{"level":"info","time":"2022-10-16T01:29:25.188+0530","caller":"archivemanager/setup.go:335","msg":"    `---  2"}
{"level":"info","time":"2022-10-16T01:29:25.188+0530","caller":"archivemanager/setup.go:335","msg":"      `---- 2.txt"}
{"level":"debug","time":"2022-10-16T01:29:25.189+0530","caller":"core/lifecycle.go:314","msg":"Zip file size: 0KB"}
{"level":"debug","time":"2022-10-16T01:29:25.189+0530","caller":"cmd/bin.go:158","msg":"Archive location: /Users/riteshchaurasia/workspace/lambda/repo/python/hyperexecute-code-085e6bca-7f6a-4b49-9d5a-8a78a12873b8.zip\n"}
{"level":"debug","time":"2022-10-16T01:29:27.180+0530","caller":"core/lifecycle.go:338","msg":"Payload size: 2.3 kB"}
{"level":"debug","time":"2022-10-16T01:29:27.180+0530","caller":"core/lifecycle.go:338","msg":".hyperexecute/azcopy copy \"/Users/riteshchaurasia/workspace/lambda/repo/python/hyperexecute-code-085e6bca-7f6a-4b49-9d5a-8a78a12873b8.zip\" \"https://hyperexecutestage.blob.core.windows.net/uploads/085e6bca-7f6a-4b49-9d5a-8a78a12873b8.zip?st=2022-10-15T19%3A49%3A24Z&se=2022-10-15T21%3A39%3A24Z&sp=rw&sv=2018-03-28&sr=b&sig=iTyz1OlIXVwzWrA4JJOfzUvJCADO%2B57jPbpzlNcy8y0%3D\" --log-level=NONE"}
{"level":"debug","time":"2022-10-16T01:29:29.347+0530","caller":"core/lifecycle.go:338","msg":"Uploading yaml : /Users/riteshchaurasia/workspace/lambda/repo/python/.updatedhyperexecute.yaml"}
{"level":"debug","time":"2022-10-16T01:29:29.347+0530","caller":"core/lifecycle.go:338","msg":"Payload size: 574 B"}
{"level":"debug","time":"2022-10-16T01:29:31.551+0530","caller":"core/lifecycle.go:338","msg":""}
{"level":"info","time":"2022-10-16T01:29:40.037+0530","caller":"core/lifecycle.go:358","msg":"Job \u001b[1m\u001b[4m085e6bca-7f6a-4b49-9d5a-8a78a12873b8\u001b[0m\u001b[0m has \u001b[97mRUNNING\u001b[0m"}
{"level":"info","time":"2022-10-16T01:29:40.037+0530","caller":"core/lifecycle.go:358","msg":"Job Link: \u001b[4m\u001b[34mhttps://stage-hyperexecute.lambdatest.com/hyperexecute/task?jobId=085e6bca-7f6a-4b49-9d5a-8a78a12873b8\u001b[0m\u001b[0m\n"}
{"level":"debug","time":"2022-10-16T01:29:40.037+0530","caller":"core/lifecycle.go:358","msg":"New Tasks generated"}
{"level":"debug","time":"2022-10-16T01:29:40.037+0530","caller":"core/lifecycle.go:358","msg":"Task id: 780e2be0-4723-4076-b9d9-92a69552d871"}
{"level":"debug","time":"2022-10-16T01:29:40.037+0530","caller":"core/lifecycle.go:358","msg":"Sending new task alert to stage manager for taskId: 780e2be0-4723-4076-b9d9-92a69552d871"}
{"level":"debug","time":"2022-10-16T01:29:40.037+0530","caller":"core/lifecycle.go:358","msg":"Task id: f5c50279-8539-4a58-9aba-bdb892f00a5f"}
{"level":"debug","time":"2022-10-16T01:29:40.037+0530","caller":"core/lifecycle.go:358","msg":"Sending new task alert to stage manager for taskId: f5c50279-8539-4a58-9aba-bdb892f00a5f"}
{"level":"info","time":"2022-10-16T01:39:04.066+0530","caller":"core/lifecycle.go:358","msg":"Job \u001b[1m\u001b[4m085e6bca-7f6a-4b49-9d5a-8a78a12873b8\u001b[0m\u001b[0m has \u001b[97mCOMPLETED\u001b[0m"}
{"level":"info","time":"2022-10-16T01:39:04.066+0530","caller":"core/lifecycle.go:358","msg":"Job Link: \u001b[4m\u001b[34mhttps://stage-hyperexecute.lambdatest.com/hyperexecute/task?jobId=085e6bca-7f6a-4b49-9d5a-8a78a12873b8\u001b[0m\u001b[0m\n"}
{"level":"debug","time":"2022-10-16T01:39:04.077+0530","caller":"core/lifecycle.go:358","msg":"\n\nJob status"}
{"level":"info","time":"2022-10-16T01:39:04.077+0530","caller":"core/lifecycle.go:358","msg":"\n\nJob status"}
{"level":"info","time":"2022-10-16T01:39:04.078+0530","caller":"core/lifecycle.go:358","msg":" ID: 085e6bca-7f6a-4b49-9d5a-8a78a12873b8\n Status: \u001b[97mCOMPLETED\u001b[0m\n Remark: \n OrgID: 150967\n Created: 2022-10-15 19:59:24 +0000 UTC\n Updated: 2022-10-15 20:09:00 +0000 UTC\n global timeout: 90\n testsuite timeout: 90\n retry on failure: false\n start time: 2022-10-15 19:59:35 +0000 UTC\n end time: 0001-01-01 00:00:00 +0000 UTC\n duration: -2562047h47m16.854775808s"}
{"level":"info","time":"2022-10-16T01:39:04.078+0530","caller":"core/lifecycle.go:358","msg":"\n\nTask status\n"}
{"level":"info","time":"2022-10-16T01:39:04.078+0530","caller":"core/lifecycle.go:358","msg":" ID: 780e2be0-4723-4076-b9d9-92a69552d871\n Status: rescheduling\n Remark: Rescheduling this task\n Created: 2022-10-15 19:59:33 +0000 UTC\n Updated: 2022-10-15 20:01:59 +0000 UTC\n context: {\"_jobId\": \"085e6bca-7f6a-4b49-9d5a-8a78a12873b8\", \"_taskId\": \"780e2be0-4723-4076-b9d9-92a69552d871\"}\n tunnel name: \n os: win\n start time: 2022-10-15 19:59:35 +0000 UTC\n end time: 0001-01-01 00:00:00 +0000 UTC\n duration: -2562047h47m16.854775808s"}
{"level":"info","time":"2022-10-16T01:39:04.078+0530","caller":"core/lifecycle.go:358","msg":"\n"}
{"level":"info","time":"2022-10-16T01:39:04.078+0530","caller":"core/lifecycle.go:358","msg":" ID: f5c50279-8539-4a58-9aba-bdb892f00a5f\n Status: rescheduling\n Remark: Rescheduling this task\n Created: 2022-10-15 19:59:33 +0000 UTC\n Updated: 2022-10-15 20:01:59 +0000 UTC\n context: {\"_jobId\": \"085e6bca-7f6a-4b49-9d5a-8a78a12873b8\", \"_taskId\": \"f5c50279-8539-4a58-9aba-bdb892f00a5f\"}\n tunnel name: \n os: win\n start time: 2022-10-15 19:59:35 +0000 UTC\n end time: 0001-01-01 00:00:00 +0000 UTC\n duration: -2562047h47m16.854775808s"}
{"level":"info","time":"2022-10-16T01:39:04.078+0530","caller":"core/lifecycle.go:358","msg":"\n"}
{"level":"info","time":"2022-10-16T01:39:04.078+0530","caller":"taskstagemanager/tracker.go:143","msg":"\n\u001b[102m\u001b[1m\u001b[30m COMPLETED \u001b[0m\u001b[0m\u001b[0m\n"}
{"level":"info","time":"2022-10-16T01:39:04.078+0530","caller":"jobmanager/JobSummaryManager.go:39","msg":"    \u001b[1mTest Execution Time\u001b[0m:         \u001b[92m5m5s\u001b[0m"}
{"level":"info","time":"2022-10-16T01:39:04.078+0530","caller":"jobmanager/JobSummaryManager.go:39","msg":"    \u001b[1mTest Execution Time\u001b[0m:         \u001b[92m5m5s\u001b[0m"}
{"level":"info","time":"2022-10-16T01:39:04.078+0530","caller":"jobmanager/JobSummaryManager.go:39","msg":"    \u001b[1mJob Duration Time\u001b[0m:           -2562047h47m16.854775808s"}
{"level":"info","time":"2022-10-16T01:39:04.078+0530","caller":"jobmanager/JobSummaryManager.go:39","msg":"    \u001b[1mTotal Tasks\u001b[0m:                 2"}
{"level":"info","time":"2022-10-16T01:39:04.078+0530","caller":"jobmanager/JobSummaryManager.go:39","msg":"    \u001b[1mCumulative Time Consumed\u001b[0m:    0s"}
{"level":"info","time":"2022-10-16T01:39:04.078+0530","caller":"jobmanager/JobSummaryManager.go:39","msg":"    \u001b[1mTotal Stages\u001b[0m:                10"}
{"level":"info","time":"2022-10-16T01:39:04.078+0530","caller":"jobmanager/JobSummaryManager.go:39","msg":"    \u001b[1mPass stage percentage\u001b[0m:       \u001b[92m100.00%\u001b[0m"}
{"level":"info","time":"2022-10-16T01:39:04.078+0530","caller":"jobmanager/JobSummaryManager.go:39","msg":"    \u001b[1mFailed stage percentage\u001b[0m:     0.00%"}
{"level":"info","time":"2022-10-16T01:39:04.078+0530","caller":"jobmanager/JobSummaryManager.go:39","msg":"    \u001b[1mFailed Tasks\u001b[0m:                0"}
{"level":"info","time":"2022-10-16T01:39:04.078+0530","caller":"taskstagemanager/tracker.go:143","msg":""}
{"level":"debug","time":"2022-10-16T01:39:05.153+0530","caller":"core/lifecycle.go:408","msg":"\nArtifacts ready to be downloaded for task id: 780e2be0-4723-4076-b9d9-92a69552d871 --- [https://hyperexecutestage.blob.core.windows.net/artefacts/275ce2de-54be-4230-9dd3-5b19faab3267/tango/artefact_test/1.txt?se=2022-10-16T00%3A09%3A05Z&sig=X7QHkCRRY10wgkeELwulOXwVzRmTmFrM7w3QjsaDV3s%3D&sp=r&spr=https&sr=b&sv=2020-04-08 https://hyperexecutestage.blob.core.windows.net/artefacts/275ce2de-54be-4230-9dd3-5b19faab3267/tango/artefact_test/2/2.txt?se=2022-10-16T00%3A09%3A05Z&sig=W6pj4FT9LsdrmmjKt0BIArvVzxNZ0kNgrgnvYG2nbwg%3D&sp=r&spr=https&sr=b&sv=2020-04-08]\n"}
{"level":"debug","time":"2022-10-16T01:39:05.153+0530","caller":"core/lifecycle.go:408","msg":" https://hyperexecutestage.blob.core.windows.net/artefacts/275ce2de-54be-4230-9dd3-5b19faab3267/tango/artefact_test/1.txt?se=2022-10-16T00%3A09%3A05Z&sig=X7QHkCRRY10wgkeELwulOXwVzRmTmFrM7w3QjsaDV3s%3D&sp=r&spr=https&sr=b&sv=2020-04-08"}
{"level":"debug","time":"2022-10-16T01:39:05.153+0530","caller":"core/lifecycle.go:408","msg":" https://hyperexecutestage.blob.core.windows.net/artefacts/275ce2de-54be-4230-9dd3-5b19faab3267/tango/artefact_test/2/2.txt?se=2022-10-16T00%3A09%3A05Z&sig=W6pj4FT9LsdrmmjKt0BIArvVzxNZ0kNgrgnvYG2nbwg%3D&sp=r&spr=https&sr=b&sv=2020-04-08"}
{"level":"debug","time":"2022-10-16T01:39:05.394+0530","caller":"core/lifecycle.go:408","msg":"\nDownloading artefacts for task id: 780e2be0-4723-4076-b9d9-92a69552d871\n"}
{"level":"debug","time":"2022-10-16T01:39:07.542+0530","caller":"core/lifecycle.go:408","msg":"\nDownloading artefacts completed for task id: 780e2be0-4723-4076-b9d9-92a69552d871\n"}
{"level":"debug","time":"2022-10-16T01:39:07.814+0530","caller":"core/lifecycle.go:408","msg":"\nArtifacts ready to be downloaded for task id: f5c50279-8539-4a58-9aba-bdb892f00a5f --- [https://hyperexecutestage.blob.core.windows.net/artefacts/3f9e320c-dcf8-4f97-9c20-689d500d4f4a/tango/artefact_test/1.txt?se=2022-10-16T00%3A09%3A07Z&sig=XBB3SEGhZsRfzXpxcxvoGkr7FmM61IMN%2FLVDVEoP%2F3A%3D&sp=r&spr=https&sr=b&sv=2020-04-08 https://hyperexecutestage.blob.core.windows.net/artefacts/3f9e320c-dcf8-4f97-9c20-689d500d4f4a/tango/artefact_test/2/2.txt?se=2022-10-16T00%3A09%3A07Z&sig=YPymNFEkePqxJPuuuMuYG0q7fnaCcwAlcLjQHkI4o28%3D&sp=r&spr=https&sr=b&sv=2020-04-08]\n"}
{"level":"debug","time":"2022-10-16T01:39:07.814+0530","caller":"core/lifecycle.go:408","msg":" https://hyperexecutestage.blob.core.windows.net/artefacts/3f9e320c-dcf8-4f97-9c20-689d500d4f4a/tango/artefact_test/1.txt?se=2022-10-16T00%3A09%3A07Z&sig=XBB3SEGhZsRfzXpxcxvoGkr7FmM61IMN%2FLVDVEoP%2F3A%3D&sp=r&spr=https&sr=b&sv=2020-04-08"}
{"level":"debug","time":"2022-10-16T01:39:07.814+0530","caller":"core/lifecycle.go:408","msg":" https://hyperexecutestage.blob.core.windows.net/artefacts/3f9e320c-dcf8-4f97-9c20-689d500d4f4a/tango/artefact_test/2/2.txt?se=2022-10-16T00%3A09%3A07Z&sig=YPymNFEkePqxJPuuuMuYG0q7fnaCcwAlcLjQHkI4o28%3D&sp=r&spr=https&sr=b&sv=2020-04-08"}
{"level":"debug","time":"2022-10-16T01:39:08.061+0530","caller":"core/lifecycle.go:408","msg":"\nDownloading artefacts for task id: f5c50279-8539-4a58-9aba-bdb892f00a5f\n"}
{"level":"debug","time":"2022-10-16T01:39:10.224+0530","caller":"core/lifecycle.go:408","msg":"\nDownloading artefacts completed for task id: f5c50279-8539-4a58-9aba-bdb892f00a5f\n"}
{"level":"debug","time":"2022-10-16T01:39:10.224+0530","caller":"core/lifecycle.go:408","msg":"pathRemoved%!(EXTRA string=/Users/riteshchaurasia/workspace/lambda/repo/python/artifacts/tango/artefact_test)"}
{"level":"debug","time":"2022-10-16T01:39:10.224+0530","caller":"core/lifecycle.go:408","msg":"newPath%!(EXTRA string=/Users/riteshchaurasia/workspace/lambda/repo/python/artifacts/tango/tango)"}
{"level":"debug","time":"2022-10-16T01:39:10.225+0530","caller":"cmd/bin.go:158","msg":"Successfully deleted code archive: /Users/riteshchaurasia/workspace/lambda/repo/python/hyperexecute-code-085e6bca-7f6a-4b49-9d5a-8a78a12873b8.zip\n"}
{"level":"debug","time":"2022-10-16T01:39:10.225+0530","caller":"cmd/bin.go:158","msg":"Context cancelled"}
{"level":"info","time":"2022-10-16T01:39:10.225+0530","caller":"cmd/bin.go:158","msg":"\u001b[2mStopping pipeline gracefully\u001b[0m"}
{"level":"debug","time":"2022-10-16T01:39:10.225+0530","caller":"cmd/bin.go:158","msg":"Quit requested from main goroutine...."}
{"level":"debug","time":"2022-10-16T01:39:10.225+0530","caller":"cmd/bin.go:158","msg":"Waiting for the goroutines to exit"}
{"level":"debug","time":"2022-10-16T01:39:10.225+0530","caller":"cmd/bin.go:158","msg":"All goroutines exited"}
{"level":"debug","time":"2022-10-16T01:39:11.049+0530","caller":"runtime/asm_arm64.s:1172","msg":"main: all goroutines have finished."}
{"level":"debug","time":"2022-10-16T15:25:56.173+0530","caller":"cobra@v0.0.6/command.go:844","msg":"HyperExecute cli version: 0.1.14"}
{"level":"debug","time":"2022-10-16T15:25:57.332+0530","caller":"cmd/bin.go:158","msg":"Upstream version: {Min:0.1.14 Max:0.1.14} "}
{"level":"debug","time":"2022-10-16T15:25:57.332+0530","caller":"cmd/bin.go:158","msg":"Parsing config"}
{"level":"debug","time":"2022-10-16T15:25:57.332+0530","caller":"yamlconfigmanager/setup.go:58","msg":"Custom location for .hyperexecute.yaml specified. Using: .hyperexecute.yaml"}
{"level":"debug","time":"2022-10-16T15:25:57.332+0530","caller":"core/lifecycle.go:96","msg":"using hyperexecute config from : .hyperexecute.yaml"}
{"level":"debug","time":"2022-10-16T15:25:58.283+0530","caller":"core/lifecycle.go:96","msg":"The artifacts folder /Users/riteshchaurasia/workspace/lambda/repo/python/artifacts/tango is not empty, moving it to a separate directory /Users/riteshchaurasia/workspace/lambda/repo/python/artifacts-old/tango"}
{"level":"debug","time":"2022-10-16T15:25:58.287+0530","caller":"core/lifecycle.go:96","msg":"Tunnel: false"}
{"level":"info","time":"2022-10-16T15:25:58.287+0530","caller":"core/lifecycle.go:103","msg":"\n\u001b[4m\u001b[1m\u001b[97mExecution Plan\u001b[0m\u001b[0m\u001b[0m"}
{"level":"info","time":"2022-10-16T15:25:58.287+0530","caller":"core/lifecycle.go:103","msg":"Mode:    \u001b[36mautosplit\u001b[0m"}
{"level":"info","time":"2022-10-16T15:25:58.287+0530","caller":"core/lifecycle.go:103","msg":"Runson:    \u001b[36mwin\u001b[0m"}
{"level":"info","time":"2022-10-16T15:25:58.287+0530","caller":"core/lifecycle.go:103","msg":"Concurrency:    \u001b[36m2\u001b[0m"}
{"level":"info","time":"2022-10-16T15:25:58.287+0530","caller":"core/lifecycle.go:103","msg":"Report:    \u001b[36mdisabled\u001b[0m"}
{"level":"info","time":"2022-10-16T15:25:58.287+0530","caller":"core/lifecycle.go:103","msg":"Artefacts:"}
{"level":"info","time":"2022-10-16T15:25:58.287+0530","caller":"core/lifecycle.go:103","msg":"    tango:    \u001b[36martefact_test/\u001b[0m"}
{"level":"info","time":"2022-10-16T15:25:58.287+0530","caller":"core/lifecycle.go:103","msg":""}
{"level":"debug","time":"2022-10-16T15:25:58.287+0530","caller":"core/lifecycle.go:106","msg":"Warning: Checking data.json file in current directory, no dataJsonPath found in .hyperexecute.yaml"}
{"level":"debug","time":"2022-10-16T15:25:58.287+0530","caller":"core/lifecycle.go:106","msg":"Warning: data.json file doesn't exist"}
{"level":"debug","time":"2022-10-16T15:25:58.287+0530","caller":"core/lifecycle.go:142","msg":"Test Discovery Comamand: cat stages.txt"}
{"level":"info","time":"2022-10-16T15:25:58.305+0530","caller":"core/lifecycle.go:142","msg":"\u001b[4m\u001b[1m\u001b[97mTest Discovery Result: 4\u001b[0m\u001b[0m\u001b[0m"}
{"level":"info","time":"2022-10-16T15:25:58.305+0530","caller":"core/lifecycle.go:142","msg":"    \u001b[2m1\u001b[0m\n    \u001b[2m2\u001b[0m\n    \u001b[2m3\u001b[0m\n    \u001b[2m4\u001b[0m\n"}
{"level":"error","time":"2022-10-16T15:26:30.368+0530","caller":"cmd/bin.go:158","msg":"Error finding the configuration for the user : error in authenticating user: Post \"https://stage-auth.lambdatest.com/api/user/token/auth\": POST https://stage-auth.lambdatest.com/api/user/token/auth giving up after 6 attempt(s) - error in authenticating user: Post \"https://stage-auth.lambdatest.com/api/user/token/auth\": POST https://stage-auth.lambdatest.com/api/user/token/auth giving up after 6 attempt(s)"}
{"level":"debug","time":"2022-10-16T15:26:33.119+0530","caller":"cmd/bin.go:158","msg":"Job ID: 3e7c73ba-9fe2-48cd-8a56-2e3dfad101b7"}
{"level":"debug","time":"2022-10-16T15:26:33.120+0530","caller":"core/lifecycle.go:314","msg":"Creating archive of target directory: /Users/riteshchaurasia/workspace/lambda/repo/python"}
{"level":"info","time":"2022-10-16T15:26:33.125+0530","caller":"archivemanager/setup.go:335","msg":"`---- .new.yaml"}
{"level":"info","time":"2022-10-16T15:26:33.125+0530","caller":"archivemanager/setup.go:335","msg":"`---- hyperexecuteupdate"}
{"level":"info","time":"2022-10-16T15:26:33.125+0530","caller":"archivemanager/setup.go:335","msg":"`---- main.py"}
{"level":"info","time":"2022-10-16T15:26:33.125+0530","caller":"archivemanager/setup.go:335","msg":"`---- stages.txt"}
{"level":"info","time":"2022-10-16T15:26:33.125+0530","caller":"archivemanager/setup.go:335","msg":"`---  artefact_test"}
{"level":"info","time":"2022-10-16T15:26:33.125+0530","caller":"archivemanager/setup.go:335","msg":"   `---- 1.txt"}
{"level":"info","time":"2022-10-16T15:26:33.125+0530","caller":"archivemanager/setup.go:335","msg":"    `---  2"}
{"level":"info","time":"2022-10-16T15:26:33.125+0530","caller":"archivemanager/setup.go:335","msg":"      `---- 2.txt"}
{"level":"debug","time":"2022-10-16T15:26:33.125+0530","caller":"core/lifecycle.go:314","msg":"Zip file size: 0KB"}
{"level":"debug","time":"2022-10-16T15:26:33.126+0530","caller":"cmd/bin.go:158","msg":"Archive location: /Users/riteshchaurasia/workspace/lambda/repo/python/hyperexecute-code-3e7c73ba-9fe2-48cd-8a56-2e3dfad101b7.zip\n"}
{"level":"debug","time":"2022-10-16T15:26:36.159+0530","caller":"core/lifecycle.go:338","msg":"Payload size: 2.4 kB"}
{"level":"debug","time":"2022-10-16T15:26:36.160+0530","caller":"core/lifecycle.go:338","msg":".hyperexecute/azcopy copy \"/Users/riteshchaurasia/workspace/lambda/repo/python/hyperexecute-code-3e7c73ba-9fe2-48cd-8a56-2e3dfad101b7.zip\" \"https://hyperexecutestage.blob.core.windows.net/uploads/3e7c73ba-9fe2-48cd-8a56-2e3dfad101b7.zip?st=2022-10-16T09%3A46%3A32Z&se=2022-10-16T11%3A36%3A32Z&sp=rw&sv=2018-03-28&sr=b&sig=SG8Dv3%2BiRe6A8wqgk8fPmnMP9FYuSyPo7HEH74LBbTg%3D\" --log-level=NONE"}
{"level":"debug","time":"2022-10-16T15:26:38.320+0530","caller":"core/lifecycle.go:338","msg":"Uploading yaml : /Users/riteshchaurasia/workspace/lambda/repo/python/.updatedhyperexecute.yaml"}
{"level":"debug","time":"2022-10-16T15:26:38.320+0530","caller":"core/lifecycle.go:338","msg":"Payload size: 574 B"}
{"level":"debug","time":"2022-10-16T15:26:40.476+0530","caller":"core/lifecycle.go:338","msg":""}
{"level":"info","time":"2022-10-16T15:26:49.325+0530","caller":"core/lifecycle.go:358","msg":"Job \u001b[1m\u001b[4m3e7c73ba-9fe2-48cd-8a56-2e3dfad101b7\u001b[0m\u001b[0m has \u001b[97mRUNNING\u001b[0m"}
{"level":"info","time":"2022-10-16T15:26:49.325+0530","caller":"core/lifecycle.go:358","msg":"Job Link: \u001b[4m\u001b[34mhttps://stage-hyperexecute.lambdatest.com/hyperexecute/task?jobId=3e7c73ba-9fe2-48cd-8a56-2e3dfad101b7\u001b[0m\u001b[0m\n"}
{"level":"debug","time":"2022-10-16T15:26:49.325+0530","caller":"core/lifecycle.go:358","msg":"New Tasks generated"}
{"level":"debug","time":"2022-10-16T15:26:49.325+0530","caller":"core/lifecycle.go:358","msg":"Task id: e05a7be4-17e2-4341-922f-17660ba5e8be"}
{"level":"debug","time":"2022-10-16T15:26:49.325+0530","caller":"core/lifecycle.go:358","msg":"Sending new task alert to stage manager for taskId: e05a7be4-17e2-4341-922f-17660ba5e8be"}
{"level":"debug","time":"2022-10-16T15:26:49.325+0530","caller":"core/lifecycle.go:358","msg":"Task id: c3dd3286-7d34-4c38-aa69-3b291af856fd"}
{"level":"debug","time":"2022-10-16T15:26:49.325+0530","caller":"core/lifecycle.go:358","msg":"Sending new task alert to stage manager for taskId: c3dd3286-7d34-4c38-aa69-3b291af856fd"}
{"level":"debug","time":"2022-10-16T16:26:26.545+0530","caller":"runtime/asm_arm64.s:1172","msg":"Retrying to poll stage details"}
{"level":"debug","time":"2022-10-17T01:14:16.198+0530","caller":"runtime/asm_arm64.s:1172","msg":"Retrying to poll stage details"}
{"level":"debug","time":"2022-10-17T03:21:37.324+0530","caller":"cobra@v0.0.6/command.go:844","msg":"main: received C-c - attempting graceful shutdown ...."}
{"level":"debug","time":"2022-10-17T03:21:37.329+0530","caller":"cobra@v0.0.6/command.go:844","msg":"Sending abort job signal to sentinal"}
{"level":"debug","time":"2022-10-17T03:21:38.885+0530","caller":"cobra@v0.0.6/command.go:844","msg":"main: telling goroutines to stop"}
{"level":"debug","time":"2022-10-17T03:21:39.818+0530","caller":"cmd/bin.go:158","msg":"Successfully deleted code archive: /Users/riteshchaurasia/workspace/lambda/repo/python/hyperexecute-code-3e7c73ba-9fe2-48cd-8a56-2e3dfad101b7.zip\n"}
{"level":"debug","time":"2022-10-17T03:21:39.818+0530","caller":"cmd/bin.go:158","msg":"Context cancelled"}
{"level":"info","time":"2022-10-17T03:21:39.818+0530","caller":"cmd/bin.go:158","msg":"\u001b[2mStopping pipeline gracefully\u001b[0m"}
{"level":"debug","time":"2022-10-17T03:21:39.818+0530","caller":"cmd/bin.go:158","msg":"Quit requested from main goroutine...."}
{"level":"debug","time":"2022-10-17T03:21:39.818+0530","caller":"cmd/bin.go:158","msg":"Waiting for the goroutines to exit"}
{"level":"debug","time":"2022-10-17T03:21:39.818+0530","caller":"cmd/bin.go:158","msg":"All goroutines exited"}
{"level":"debug","time":"2022-10-17T03:21:39.818+0530","caller":"runtime/asm_arm64.s:1172","msg":"main: all goroutines have finished."}
{"level":"debug","time":"2022-10-17T03:21:39.819+0530","caller":"cobra@v0.0.6/command.go:844","msg":"Go routines exited within timeout"}
{"level":"debug","time":"2022-10-17T03:22:18.105+0530","caller":"cobra@v0.0.6/command.go:844","msg":"HyperExecute cli version: 0.1.14"}
{"level":"debug","time":"2022-10-17T03:22:19.219+0530","caller":"cmd/bin.go:158","msg":"Upstream version: {Min:0.1.14 Max:0.1.14} "}
{"level":"debug","time":"2022-10-17T03:22:19.219+0530","caller":"cmd/bin.go:158","msg":"Parsing config"}
{"level":"debug","time":"2022-10-17T03:22:19.220+0530","caller":"yamlconfigmanager/setup.go:58","msg":"Custom location for .hyperexecute.yaml specified. Using: .hyperexecute.yaml"}
{"level":"debug","time":"2022-10-17T03:22:19.220+0530","caller":"core/lifecycle.go:96","msg":"using hyperexecute config from : .hyperexecute.yaml"}
{"level":"debug","time":"2022-10-17T03:22:20.147+0530","caller":"core/lifecycle.go:96","msg":"Tunnel: false"}
{"level":"info","time":"2022-10-17T03:22:20.147+0530","caller":"core/lifecycle.go:103","msg":"\n\u001b[4m\u001b[1m\u001b[97mExecution Plan\u001b[0m\u001b[0m\u001b[0m"}
{"level":"info","time":"2022-10-17T03:22:20.147+0530","caller":"core/lifecycle.go:103","msg":"Mode:    \u001b[36mautosplit\u001b[0m"}
{"level":"info","time":"2022-10-17T03:22:20.147+0530","caller":"core/lifecycle.go:103","msg":"Runson:    \u001b[36mwin\u001b[0m"}
{"level":"info","time":"2022-10-17T03:22:20.147+0530","caller":"core/lifecycle.go:103","msg":"Concurrency:    \u001b[36m2\u001b[0m"}
{"level":"info","time":"2022-10-17T03:22:20.147+0530","caller":"core/lifecycle.go:103","msg":"Report:    \u001b[36mdisabled\u001b[0m"}
{"level":"info","time":"2022-10-17T03:22:20.147+0530","caller":"core/lifecycle.go:103","msg":"Artefacts:"}
{"level":"info","time":"2022-10-17T03:22:20.147+0530","caller":"core/lifecycle.go:103","msg":"    tango:    \u001b[36martefact_test/\u001b[0m"}
{"level":"info","time":"2022-10-17T03:22:20.148+0530","caller":"core/lifecycle.go:103","msg":""}
{"level":"debug","time":"2022-10-17T03:22:20.148+0530","caller":"core/lifecycle.go:106","msg":"Warning: Checking data.json file in current directory, no dataJsonPath found in .hyperexecute.yaml"}
{"level":"debug","time":"2022-10-17T03:22:20.148+0530","caller":"core/lifecycle.go:106","msg":"Warning: data.json file doesn't exist"}
{"level":"debug","time":"2022-10-17T03:22:20.148+0530","caller":"core/lifecycle.go:142","msg":"Test Discovery Comamand: cat stages.txt"}
{"level":"info","time":"2022-10-17T03:22:20.169+0530","caller":"core/lifecycle.go:142","msg":"\u001b[4m\u001b[1m\u001b[97mTest Discovery Result: 4\u001b[0m\u001b[0m\u001b[0m"}
{"level":"info","time":"2022-10-17T03:22:20.170+0530","caller":"core/lifecycle.go:142","msg":"    \u001b[2m1\u001b[0m\n    \u001b[2m2\u001b[0m\n    \u001b[2m3\u001b[0m\n    \u001b[2m4\u001b[0m\n"}
{"level":"error","time":"2022-10-17T03:22:51.693+0530","caller":"cmd/bin.go:158","msg":"Error finding the configuration for the user : error in authenticating user: Post \"https://stage-auth.lambdatest.com/api/user/token/auth\": POST https://stage-auth.lambdatest.com/api/user/token/auth giving up after 6 attempt(s) - error in authenticating user: Post \"https://stage-auth.lambdatest.com/api/user/token/auth\": POST https://stage-auth.lambdatest.com/api/user/token/auth giving up after 6 attempt(s)"}
{"level":"debug","time":"2022-10-17T03:22:53.454+0530","caller":"cmd/bin.go:158","msg":"Job ID: 2d487d5b-70ec-4cb3-8069-cf29721b53d1"}
{"level":"debug","time":"2022-10-17T03:22:53.454+0530","caller":"core/lifecycle.go:314","msg":"Creating archive of target directory: /Users/riteshchaurasia/workspace/lambda/repo/python"}
{"level":"info","time":"2022-10-17T03:22:53.464+0530","caller":"archivemanager/setup.go:335","msg":"`---- .new.yaml"}
{"level":"info","time":"2022-10-17T03:22:53.464+0530","caller":"archivemanager/setup.go:335","msg":"`---- hyperexecuteupdate"}
{"level":"info","time":"2022-10-17T03:22:53.464+0530","caller":"archivemanager/setup.go:335","msg":"`---- main.py"}
{"level":"info","time":"2022-10-17T03:22:53.464+0530","caller":"archivemanager/setup.go:335","msg":"`---- stages.txt"}
{"level":"info","time":"2022-10-17T03:22:53.464+0530","caller":"archivemanager/setup.go:335","msg":"`---  artefact_test"}
{"level":"info","time":"2022-10-17T03:22:53.464+0530","caller":"archivemanager/setup.go:335","msg":"   `---- 1.txt"}
{"level":"info","time":"2022-10-17T03:22:53.464+0530","caller":"archivemanager/setup.go:335","msg":"    `---  2"}
{"level":"info","time":"2022-10-17T03:22:53.464+0530","caller":"archivemanager/setup.go:335","msg":"      `---- 2.txt"}
{"level":"debug","time":"2022-10-17T03:22:53.464+0530","caller":"core/lifecycle.go:314","msg":"Zip file size: 0KB"}
{"level":"debug","time":"2022-10-17T03:22:53.464+0530","caller":"cmd/bin.go:158","msg":"Archive location: /Users/riteshchaurasia/workspace/lambda/repo/python/hyperexecute-code-2d487d5b-70ec-4cb3-8069-cf29721b53d1.zip\n"}
{"level":"debug","time":"2022-10-17T03:22:55.860+0530","caller":"core/lifecycle.go:338","msg":"Payload size: 2.4 kB"}
{"level":"debug","time":"2022-10-17T03:22:55.860+0530","caller":"core/lifecycle.go:338","msg":".hyperexecute/azcopy copy \"/Users/riteshchaurasia/workspace/lambda/repo/python/hyperexecute-code-2d487d5b-70ec-4cb3-8069-cf29721b53d1.zip\" \"https://hyperexecutestage.blob.core.windows.net/uploads/2d487d5b-70ec-4cb3-8069-cf29721b53d1.zip?st=2022-10-16T21%3A42%3A53Z&se=2022-10-16T23%3A32%3A53Z&sp=rw&sv=2018-03-28&sr=b&sig=WRPPtirEAFBc33DT1N7N7rkHQrLRqE1iX12VGs5eDIE%3D\" --log-level=NONE"}
{"level":"debug","time":"2022-10-17T03:22:58.031+0530","caller":"core/lifecycle.go:338","msg":"Uploading yaml : /Users/riteshchaurasia/workspace/lambda/repo/python/.updatedhyperexecute.yaml"}
{"level":"debug","time":"2022-10-17T03:22:58.031+0530","caller":"core/lifecycle.go:338","msg":"Payload size: 574 B"}
{"level":"debug","time":"2022-10-17T03:23:00.262+0530","caller":"core/lifecycle.go:338","msg":""}
{"level":"info","time":"2022-10-17T03:23:08.589+0530","caller":"core/lifecycle.go:358","msg":"Job \u001b[1m\u001b[4m2d487d5b-70ec-4cb3-8069-cf29721b53d1\u001b[0m\u001b[0m has \u001b[97mRUNNING\u001b[0m"}
{"level":"info","time":"2022-10-17T03:23:08.589+0530","caller":"core/lifecycle.go:358","msg":"Job Link: \u001b[4m\u001b[34mhttps://stage-hyperexecute.lambdatest.com/hyperexecute/task?jobId=2d487d5b-70ec-4cb3-8069-cf29721b53d1\u001b[0m\u001b[0m\n"}
{"level":"debug","time":"2022-10-17T03:23:08.589+0530","caller":"core/lifecycle.go:358","msg":"New Tasks generated"}
{"level":"debug","time":"2022-10-17T03:23:08.589+0530","caller":"core/lifecycle.go:358","msg":"Task id: d97de2df-84e1-4858-ad99-873ab8ff5857"}
{"level":"debug","time":"2022-10-17T03:23:08.589+0530","caller":"core/lifecycle.go:358","msg":"Sending new task alert to stage manager for taskId: d97de2df-84e1-4858-ad99-873ab8ff5857"}
{"level":"debug","time":"2022-10-17T03:23:08.589+0530","caller":"core/lifecycle.go:358","msg":"Task id: b5139ec8-221b-4769-b593-11d846688188"}
{"level":"debug","time":"2022-10-17T03:23:08.589+0530","caller":"core/lifecycle.go:358","msg":"Sending new task alert to stage manager for taskId: b5139ec8-221b-4769-b593-11d846688188"}
{"level":"info","time":"2022-10-17T03:37:27.628+0530","caller":"core/lifecycle.go:358","msg":"Job \u001b[1m\u001b[4m2d487d5b-70ec-4cb3-8069-cf29721b53d1\u001b[0m\u001b[0m has \u001b[97mCOMPLETED\u001b[0m"}
{"level":"info","time":"2022-10-17T03:37:27.642+0530","caller":"core/lifecycle.go:358","msg":"Job Link: \u001b[4m\u001b[34mhttps://stage-hyperexecute.lambdatest.com/hyperexecute/task?jobId=2d487d5b-70ec-4cb3-8069-cf29721b53d1\u001b[0m\u001b[0m\n"}
{"level":"debug","time":"2022-10-17T03:37:27.654+0530","caller":"core/lifecycle.go:358","msg":"\n\nJob status"}
{"level":"info","time":"2022-10-17T03:37:27.654+0530","caller":"core/lifecycle.go:358","msg":"\n\nJob status"}
{"level":"info","time":"2022-10-17T03:37:27.654+0530","caller":"core/lifecycle.go:358","msg":" ID: 2d487d5b-70ec-4cb3-8069-cf29721b53d1\n Status: \u001b[97mCOMPLETED\u001b[0m\n Remark: \n OrgID: 150967\n Created: 2022-10-16 21:52:53 +0000 UTC\n Updated: 2022-10-16 22:07:24 +0000 UTC\n global timeout: 90\n testsuite timeout: 90\n retry on failure: false\n start time: 2022-10-16 21:53:04 +0000 UTC\n end time: 0001-01-01 00:00:00 +0000 UTC\n duration: -2562047h47m16.854775808s"}
{"level":"info","time":"2022-10-17T03:37:27.654+0530","caller":"core/lifecycle.go:358","msg":"\n\nTask status\n"}
{"level":"info","time":"2022-10-17T03:37:27.654+0530","caller":"core/lifecycle.go:358","msg":" ID: d97de2df-84e1-4858-ad99-873ab8ff5857\n Status: rescheduling\n Remark: Rescheduling this task\n Created: 2022-10-16 21:53:02 +0000 UTC\n Updated: 2022-10-16 22:05:50 +0000 UTC\n context: {\"_jobId\": \"2d487d5b-70ec-4cb3-8069-cf29721b53d1\", \"_taskId\": \"d97de2df-84e1-4858-ad99-873ab8ff5857\"}\n tunnel name: \n os: win\n start time: 2022-10-16 21:53:04 +0000 UTC\n end time: 0001-01-01 00:00:00 +0000 UTC\n duration: -2562047h47m16.854775808s"}
{"level":"info","time":"2022-10-17T03:37:27.654+0530","caller":"core/lifecycle.go:358","msg":"\n"}
{"level":"info","time":"2022-10-17T03:37:27.654+0530","caller":"core/lifecycle.go:358","msg":" ID: b5139ec8-221b-4769-b593-11d846688188\n Status: rescheduling\n Remark: Rescheduling this task\n Created: 2022-10-16 21:53:02 +0000 UTC\n Updated: 2022-10-16 22:05:50 +0000 UTC\n context: {\"_jobId\": \"2d487d5b-70ec-4cb3-8069-cf29721b53d1\", \"_taskId\": \"b5139ec8-221b-4769-b593-11d846688188\"}\n tunnel name: \n os: win\n start time: 2022-10-16 21:53:04 +0000 UTC\n end time: 0001-01-01 00:00:00 +0000 UTC\n duration: -2562047h47m16.854775808s"}
{"level":"info","time":"2022-10-17T03:37:27.654+0530","caller":"core/lifecycle.go:358","msg":"\n"}
{"level":"info","time":"2022-10-17T03:37:27.655+0530","caller":"taskstagemanager/tracker.go:143","msg":"\n\u001b[102m\u001b[1m\u001b[30m COMPLETED \u001b[0m\u001b[0m\u001b[0m\n"}
{"level":"info","time":"2022-10-17T03:37:27.655+0530","caller":"jobmanager/JobSummaryManager.go:39","msg":"    \u001b[1mTest Execution Time\u001b[0m:         \u001b[92m13m38s\u001b[0m"}
{"level":"info","time":"2022-10-17T03:37:27.655+0530","caller":"jobmanager/JobSummaryManager.go:39","msg":"    \u001b[1mTest Execution Time\u001b[0m:         \u001b[92m13m38s\u001b[0m"}
{"level":"info","time":"2022-10-17T03:37:27.655+0530","caller":"jobmanager/JobSummaryManager.go:39","msg":"    \u001b[1mJob Duration Time\u001b[0m:           -2562047h47m16.854775808s"}
{"level":"info","time":"2022-10-17T03:37:27.655+0530","caller":"jobmanager/JobSummaryManager.go:39","msg":"    \u001b[1mTotal Tasks\u001b[0m:                 2"}
{"level":"info","time":"2022-10-17T03:37:27.655+0530","caller":"jobmanager/JobSummaryManager.go:39","msg":"    \u001b[1mCumulative Time Consumed\u001b[0m:    0s"}
{"level":"info","time":"2022-10-17T03:37:27.655+0530","caller":"jobmanager/JobSummaryManager.go:39","msg":"    \u001b[1mTotal Stages\u001b[0m:                10"}
{"level":"info","time":"2022-10-17T03:37:27.655+0530","caller":"jobmanager/JobSummaryManager.go:39","msg":"    \u001b[1mPass stage percentage\u001b[0m:       \u001b[92m100.00%\u001b[0m"}
{"level":"info","time":"2022-10-17T03:37:27.655+0530","caller":"jobmanager/JobSummaryManager.go:39","msg":"    \u001b[1mFailed stage percentage\u001b[0m:     0.00%"}
{"level":"info","time":"2022-10-17T03:37:27.655+0530","caller":"jobmanager/JobSummaryManager.go:39","msg":"    \u001b[1mFailed Tasks\u001b[0m:                0"}
{"level":"info","time":"2022-10-17T03:37:27.655+0530","caller":"taskstagemanager/tracker.go:143","msg":""}
{"level":"debug","time":"2022-10-17T03:37:28.835+0530","caller":"core/lifecycle.go:408","msg":"\nArtifacts ready to be downloaded for task id: d97de2df-84e1-4858-ad99-873ab8ff5857 --- [https://hyperexecutestage.blob.core.windows.net/artefacts/172e6796-7c1d-418e-82f3-f35e782d2f28/tango/artefact_test/1.txt?se=2022-10-17T02%3A07%3A29Z&sig=VP8LpiPdMw%2BN69lSG96GUyLebZxaR%2FtEedzuta40fGU%3D&sp=r&spr=https&sr=b&sv=2020-04-08 https://hyperexecutestage.blob.core.windows.net/artefacts/172e6796-7c1d-418e-82f3-f35e782d2f28/tango/artefact_test/2/2.txt?se=2022-10-17T02%3A07%3A29Z&sig=c6RqGYHdYl8fv9W9QvfqGxStoLDfPPjnOnCBuFaP28U%3D&sp=r&spr=https&sr=b&sv=2020-04-08]\n"}
{"level":"debug","time":"2022-10-17T03:37:28.835+0530","caller":"core/lifecycle.go:408","msg":" https://hyperexecutestage.blob.core.windows.net/artefacts/172e6796-7c1d-418e-82f3-f35e782d2f28/tango/artefact_test/1.txt?se=2022-10-17T02%3A07%3A29Z&sig=VP8LpiPdMw%2BN69lSG96GUyLebZxaR%2FtEedzuta40fGU%3D&sp=r&spr=https&sr=b&sv=2020-04-08"}
{"level":"debug","time":"2022-10-17T03:37:28.835+0530","caller":"core/lifecycle.go:408","msg":" https://hyperexecutestage.blob.core.windows.net/artefacts/172e6796-7c1d-418e-82f3-f35e782d2f28/tango/artefact_test/2/2.txt?se=2022-10-17T02%3A07%3A29Z&sig=c6RqGYHdYl8fv9W9QvfqGxStoLDfPPjnOnCBuFaP28U%3D&sp=r&spr=https&sr=b&sv=2020-04-08"}
{"level":"debug","time":"2022-10-17T03:37:29.071+0530","caller":"core/lifecycle.go:408","msg":"\nDownloading artefacts for task id: d97de2df-84e1-4858-ad99-873ab8ff5857\n"}
{"level":"debug","time":"2022-10-17T03:37:31.201+0530","caller":"core/lifecycle.go:408","msg":"\nDownloading artefacts completed for task id: d97de2df-84e1-4858-ad99-873ab8ff5857\n"}
{"level":"debug","time":"2022-10-17T03:37:31.473+0530","caller":"core/lifecycle.go:408","msg":"\nArtifacts ready to be downloaded for task id: b5139ec8-221b-4769-b593-11d846688188 --- [https://hyperexecutestage.blob.core.windows.net/artefacts/9295024d-7f67-4b92-bd24-a95ebba69fa4/tango/artefact_test/1.txt?se=2022-10-17T02%3A07%3A31Z&sig=OxhGVYlcrx7AJEvDPAHSMpZ8570uQA05klokUvbdZ%2BY%3D&sp=r&spr=https&sr=b&sv=2020-04-08 https://hyperexecutestage.blob.core.windows.net/artefacts/9295024d-7f67-4b92-bd24-a95ebba69fa4/tango/artefact_test/2/2.txt?se=2022-10-17T02%3A07%3A31Z&sig=ir%2BJtxVA8EyQidwzj5hvjzGjco3B%2F9WE%2BaoIiTDPUgk%3D&sp=r&spr=https&sr=b&sv=2020-04-08]\n"}
{"level":"debug","time":"2022-10-17T03:37:31.473+0530","caller":"core/lifecycle.go:408","msg":" https://hyperexecutestage.blob.core.windows.net/artefacts/9295024d-7f67-4b92-bd24-a95ebba69fa4/tango/artefact_test/1.txt?se=2022-10-17T02%3A07%3A31Z&sig=OxhGVYlcrx7AJEvDPAHSMpZ8570uQA05klokUvbdZ%2BY%3D&sp=r&spr=https&sr=b&sv=2020-04-08"}
{"level":"debug","time":"2022-10-17T03:37:31.473+0530","caller":"core/lifecycle.go:408","msg":" https://hyperexecutestage.blob.core.windows.net/artefacts/9295024d-7f67-4b92-bd24-a95ebba69fa4/tango/artefact_test/2/2.txt?se=2022-10-17T02%3A07%3A31Z&sig=ir%2BJtxVA8EyQidwzj5hvjzGjco3B%2F9WE%2BaoIiTDPUgk%3D&sp=r&spr=https&sr=b&sv=2020-04-08"}
{"level":"debug","time":"2022-10-17T03:37:31.718+0530","caller":"core/lifecycle.go:408","msg":"\nDownloading artefacts for task id: b5139ec8-221b-4769-b593-11d846688188\n"}
{"level":"debug","time":"2022-10-17T03:37:33.851+0530","caller":"core/lifecycle.go:408","msg":"\nDownloading artefacts completed for task id: b5139ec8-221b-4769-b593-11d846688188\n"}
{"level":"debug","time":"2022-10-17T03:37:33.852+0530","caller":"core/lifecycle.go:408","msg":"pathRemoved%!(EXTRA string=/Users/riteshchaurasia/workspace/lambda/repo/python/artifacts/tango/artefact_test)"}
{"level":"debug","time":"2022-10-17T03:37:33.852+0530","caller":"core/lifecycle.go:408","msg":"newPath%!(EXTRA string=/Users/riteshchaurasia/workspace/lambda/repo/python/artifacts/tango/tango)"}
{"level":"debug","time":"2022-10-17T03:37:33.853+0530","caller":"cmd/bin.go:158","msg":"Successfully deleted code archive: /Users/riteshchaurasia/workspace/lambda/repo/python/hyperexecute-code-2d487d5b-70ec-4cb3-8069-cf29721b53d1.zip\n"}
{"level":"debug","time":"2022-10-17T03:37:33.853+0530","caller":"cmd/bin.go:158","msg":"Context cancelled"}
{"level":"info","time":"2022-10-17T03:37:33.853+0530","caller":"cmd/bin.go:158","msg":"\u001b[2mStopping pipeline gracefully\u001b[0m"}
{"level":"debug","time":"2022-10-17T03:37:33.853+0530","caller":"cmd/bin.go:158","msg":"Quit requested from main goroutine...."}
{"level":"debug","time":"2022-10-17T03:37:33.853+0530","caller":"cmd/bin.go:158","msg":"Waiting for the goroutines to exit"}
{"level":"debug","time":"2022-10-17T03:37:33.853+0530","caller":"cmd/bin.go:158","msg":"All goroutines exited"}
{"level":"debug","time":"2022-10-17T03:37:33.890+0530","caller":"runtime/asm_arm64.s:1172","msg":"main: all goroutines have finished."}
{"level":"debug","time":"2022-10-17T13:24:10.341+0530","caller":"cobra@v0.0.6/command.go:844","msg":"HyperExecute cli version: 0.1.14"}
{"level":"debug","time":"2022-10-17T13:24:11.694+0530","caller":"cmd/bin.go:158","msg":"Upstream version: {Min:0.1.14 Max:0.1.14} "}
{"level":"debug","time":"2022-10-17T13:24:11.694+0530","caller":"cmd/bin.go:158","msg":"Parsing config"}
{"level":"debug","time":"2022-10-17T13:24:11.694+0530","caller":"yamlconfigmanager/setup.go:58","msg":"Custom location for .hyperexecute.yaml specified. Using: .hyperexecute.yaml"}
{"level":"debug","time":"2022-10-17T13:24:11.694+0530","caller":"core/lifecycle.go:96","msg":"using hyperexecute config from : .hyperexecute.yaml"}
{"level":"debug","time":"2022-10-17T13:24:12.636+0530","caller":"core/lifecycle.go:96","msg":"Tunnel: false"}
{"level":"info","time":"2022-10-17T13:24:12.636+0530","caller":"core/lifecycle.go:103","msg":"\n\u001b[4m\u001b[1m\u001b[97mExecution Plan\u001b[0m\u001b[0m\u001b[0m"}
{"level":"info","time":"2022-10-17T13:24:12.636+0530","caller":"core/lifecycle.go:103","msg":"Mode:    \u001b[36mautosplit\u001b[0m"}
{"level":"info","time":"2022-10-17T13:24:12.636+0530","caller":"core/lifecycle.go:103","msg":"Runson:    \u001b[36mwin\u001b[0m"}
{"level":"info","time":"2022-10-17T13:24:12.636+0530","caller":"core/lifecycle.go:103","msg":"Concurrency:    \u001b[36m2\u001b[0m"}
{"level":"info","time":"2022-10-17T13:24:12.636+0530","caller":"core/lifecycle.go:103","msg":"Report:    \u001b[36mdisabled\u001b[0m"}
{"level":"info","time":"2022-10-17T13:24:12.636+0530","caller":"core/lifecycle.go:103","msg":"Artefacts:"}
{"level":"info","time":"2022-10-17T13:24:12.636+0530","caller":"core/lifecycle.go:103","msg":"    tango:    \u001b[36martefact_test/\u001b[0m"}
{"level":"info","time":"2022-10-17T13:24:12.636+0530","caller":"core/lifecycle.go:103","msg":""}
{"level":"debug","time":"2022-10-17T13:24:12.636+0530","caller":"core/lifecycle.go:106","msg":"Warning: Checking data.json file in current directory, no dataJsonPath found in .hyperexecute.yaml"}
{"level":"debug","time":"2022-10-17T13:24:12.636+0530","caller":"core/lifecycle.go:106","msg":"Warning: data.json file doesn't exist"}
{"level":"debug","time":"2022-10-17T13:24:12.636+0530","caller":"core/lifecycle.go:142","msg":"Test Discovery Comamand: cat stages.txt"}
{"level":"info","time":"2022-10-17T13:24:12.670+0530","caller":"core/lifecycle.go:142","msg":"\u001b[4m\u001b[1m\u001b[97mTest Discovery Result: 4\u001b[0m\u001b[0m\u001b[0m"}
{"level":"info","time":"2022-10-17T13:24:12.670+0530","caller":"core/lifecycle.go:142","msg":"    \u001b[2m1\u001b[0m\n    \u001b[2m2\u001b[0m\n    \u001b[2m3\u001b[0m\n    \u001b[2m4\u001b[0m\n"}
{"level":"error","time":"2022-10-17T13:24:45.188+0530","caller":"cmd/bin.go:158","msg":"Error finding the configuration for the user : error in authenticating user: Post \"https://stage-auth.lambdatest.com/api/user/token/auth\": POST https://stage-auth.lambdatest.com/api/user/token/auth giving up after 6 attempt(s) - error in authenticating user: Post \"https://stage-auth.lambdatest.com/api/user/token/auth\": POST https://stage-auth.lambdatest.com/api/user/token/auth giving up after 6 attempt(s)"}
{"level":"debug","time":"2022-10-17T13:24:46.614+0530","caller":"cmd/bin.go:158","msg":"Job ID: bfcfa38f-e3f2-4a8d-b172-fd6b2b16bdfa"}
{"level":"debug","time":"2022-10-17T13:24:46.614+0530","caller":"core/lifecycle.go:314","msg":"Creating archive of target directory: /Users/riteshchaurasia/workspace/lambda/repo/python"}
{"level":"info","time":"2022-10-17T13:24:46.628+0530","caller":"archivemanager/setup.go:335","msg":"`---- .new.yaml"}
{"level":"info","time":"2022-10-17T13:24:46.628+0530","caller":"archivemanager/setup.go:335","msg":"`---- hyperexecuteupdate"}
{"level":"info","time":"2022-10-17T13:24:46.628+0530","caller":"archivemanager/setup.go:335","msg":"`---- main.py"}
{"level":"info","time":"2022-10-17T13:24:46.628+0530","caller":"archivemanager/setup.go:335","msg":"`---- stages.txt"}
{"level":"info","time":"2022-10-17T13:24:46.628+0530","caller":"archivemanager/setup.go:335","msg":"`---  artefact_test"}
{"level":"info","time":"2022-10-17T13:24:46.628+0530","caller":"archivemanager/setup.go:335","msg":"   `---- 1.txt"}
{"level":"info","time":"2022-10-17T13:24:46.628+0530","caller":"archivemanager/setup.go:335","msg":"    `---  2"}
{"level":"info","time":"2022-10-17T13:24:46.629+0530","caller":"archivemanager/setup.go:335","msg":"      `---- 2.txt"}
{"level":"debug","time":"2022-10-17T13:24:46.629+0530","caller":"core/lifecycle.go:314","msg":"Zip file size: 0KB"}
{"level":"debug","time":"2022-10-17T13:24:46.629+0530","caller":"cmd/bin.go:158","msg":"Archive location: /Users/riteshchaurasia/workspace/lambda/repo/python/hyperexecute-code-bfcfa38f-e3f2-4a8d-b172-fd6b2b16bdfa.zip\n"}
{"level":"debug","time":"2022-10-17T13:24:48.462+0530","caller":"core/lifecycle.go:338","msg":"Payload size: 2.3 kB"}
{"level":"debug","time":"2022-10-17T13:24:48.462+0530","caller":"core/lifecycle.go:338","msg":".hyperexecute/azcopy copy \"/Users/riteshchaurasia/workspace/lambda/repo/python/hyperexecute-code-bfcfa38f-e3f2-4a8d-b172-fd6b2b16bdfa.zip\" \"https://hyperexecutestage.blob.core.windows.net/uploads/bfcfa38f-e3f2-4a8d-b172-fd6b2b16bdfa.zip?st=2022-10-17T07%3A44%3A46Z&se=2022-10-17T09%3A34%3A46Z&sp=rw&sv=2018-03-28&sr=b&sig=xLGMWs51U54b0Foad2GIVW%2BpnV707QHq9jZ6PoU85TI%3D\" --log-level=NONE"}
{"level":"debug","time":"2022-10-17T13:24:50.602+0530","caller":"core/lifecycle.go:338","msg":"Uploading yaml : /Users/riteshchaurasia/workspace/lambda/repo/python/.updatedhyperexecute.yaml"}
{"level":"debug","time":"2022-10-17T13:24:50.602+0530","caller":"core/lifecycle.go:338","msg":"Payload size: 574 B"}
{"level":"debug","time":"2022-10-17T13:24:52.894+0530","caller":"core/lifecycle.go:338","msg":""}
{"level":"info","time":"2022-10-17T13:25:01.051+0530","caller":"core/lifecycle.go:358","msg":"Job \u001b[1m\u001b[4mbfcfa38f-e3f2-4a8d-b172-fd6b2b16bdfa\u001b[0m\u001b[0m has \u001b[97mINITIATED\u001b[0m"}
{"level":"info","time":"2022-10-17T13:25:01.051+0530","caller":"core/lifecycle.go:358","msg":"Job Link: \u001b[4m\u001b[34mhttps://stage-hyperexecute.lambdatest.com/hyperexecute/task?jobId=bfcfa38f-e3f2-4a8d-b172-fd6b2b16bdfa\u001b[0m\u001b[0m\n"}
{"level":"debug","time":"2022-10-17T13:25:01.051+0530","caller":"core/lifecycle.go:358","msg":"New Tasks generated"}
{"level":"debug","time":"2022-10-17T13:25:01.051+0530","caller":"core/lifecycle.go:358","msg":"Task id: 03c80ade-67e0-4160-94bd-a7f2acc8760d"}
{"level":"debug","time":"2022-10-17T13:25:01.051+0530","caller":"core/lifecycle.go:358","msg":"Sending new task alert to stage manager for taskId: 03c80ade-67e0-4160-94bd-a7f2acc8760d"}
{"level":"debug","time":"2022-10-17T13:25:01.051+0530","caller":"core/lifecycle.go:358","msg":"Task id: 66523221-677a-4883-bda4-4d51fb8c19ff"}
{"level":"debug","time":"2022-10-17T13:25:01.051+0530","caller":"core/lifecycle.go:358","msg":"Sending new task alert to stage manager for taskId: 66523221-677a-4883-bda4-4d51fb8c19ff"}
{"level":"info","time":"2022-10-17T13:33:34.992+0530","caller":"core/lifecycle.go:358","msg":"Job \u001b[1m\u001b[4mbfcfa38f-e3f2-4a8d-b172-fd6b2b16bdfa\u001b[0m\u001b[0m has \u001b[97mRUNNING\u001b[0m"}
{"level":"info","time":"2022-10-17T13:33:34.994+0530","caller":"core/lifecycle.go:358","msg":"Job Link: \u001b[4m\u001b[34mhttps://stage-hyperexecute.lambdatest.com/hyperexecute/task?jobId=bfcfa38f-e3f2-4a8d-b172-fd6b2b16bdfa\u001b[0m\u001b[0m\n"}
{"level":"info","time":"2022-10-17T13:39:00.122+0530","caller":"core/lifecycle.go:358","msg":"Job \u001b[1m\u001b[4mbfcfa38f-e3f2-4a8d-b172-fd6b2b16bdfa\u001b[0m\u001b[0m has \u001b[97mCOMPLETED\u001b[0m"}
{"level":"info","time":"2022-10-17T13:39:00.122+0530","caller":"core/lifecycle.go:358","msg":"Job Link: \u001b[4m\u001b[34mhttps://stage-hyperexecute.lambdatest.com/hyperexecute/task?jobId=bfcfa38f-e3f2-4a8d-b172-fd6b2b16bdfa\u001b[0m\u001b[0m\n"}
{"level":"debug","time":"2022-10-17T13:39:00.133+0530","caller":"core/lifecycle.go:358","msg":"\n\nJob status"}
{"level":"info","time":"2022-10-17T13:39:00.133+0530","caller":"core/lifecycle.go:358","msg":"\n\nJob status"}
{"level":"info","time":"2022-10-17T13:39:00.133+0530","caller":"core/lifecycle.go:358","msg":" ID: bfcfa38f-e3f2-4a8d-b172-fd6b2b16bdfa\n Status: \u001b[97mCOMPLETED\u001b[0m\n Remark: \n OrgID: 150967\n Created: 2022-10-17 07:54:46 +0000 UTC\n Updated: 2022-10-17 08:08:57 +0000 UTC\n global timeout: 90\n testsuite timeout: 90\n retry on failure: false\n start time: 2022-10-17 08:03:33 +0000 UTC\n end time: 0001-01-01 00:00:00 +0000 UTC\n duration: -2562047h47m16.854775808s"}
{"level":"info","time":"2022-10-17T13:39:00.138+0530","caller":"core/lifecycle.go:358","msg":"\n\nTask status\n"}
{"level":"info","time":"2022-10-17T13:39:00.138+0530","caller":"core/lifecycle.go:358","msg":" ID: 03c80ade-67e0-4160-94bd-a7f2acc8760d\n Status: rescheduling\n Remark: Rescheduling this task\n Created: 2022-10-17 07:54:54 +0000 UTC\n Updated: 2022-10-17 08:07:31 +0000 UTC\n context: {\"_jobId\": \"bfcfa38f-e3f2-4a8d-b172-fd6b2b16bdfa\", \"_taskId\": \"03c80ade-67e0-4160-94bd-a7f2acc8760d\"}\n tunnel name: \n os: win\n start time: 2022-10-17 08:03:33 +0000 UTC\n end time: 0001-01-01 00:00:00 +0000 UTC\n duration: -2562047h47m16.854775808s"}
{"level":"info","time":"2022-10-17T13:39:00.138+0530","caller":"core/lifecycle.go:358","msg":"\n"}
{"level":"info","time":"2022-10-17T13:39:00.138+0530","caller":"core/lifecycle.go:358","msg":" ID: 66523221-677a-4883-bda4-4d51fb8c19ff\n Status: rescheduling\n Remark: Rescheduling this task\n Created: 2022-10-17 07:54:54 +0000 UTC\n Updated: 2022-10-17 08:07:31 +0000 UTC\n context: {\"_jobId\": \"bfcfa38f-e3f2-4a8d-b172-fd6b2b16bdfa\", \"_taskId\": \"66523221-677a-4883-bda4-4d51fb8c19ff\"}\n tunnel name: \n os: win\n start time: 2022-10-17 08:03:33 +0000 UTC\n end time: 0001-01-01 00:00:00 +0000 UTC\n duration: -2562047h47m16.854775808s"}
{"level":"info","time":"2022-10-17T13:39:00.138+0530","caller":"core/lifecycle.go:358","msg":"\n"}
{"level":"info","time":"2022-10-17T13:39:00.139+0530","caller":"taskstagemanager/tracker.go:143","msg":"\n\u001b[102m\u001b[1m\u001b[30m COMPLETED \u001b[0m\u001b[0m\u001b[0m\n"}
{"level":"info","time":"2022-10-17T13:39:00.139+0530","caller":"jobmanager/JobSummaryManager.go:39","msg":"    \u001b[1mTest Execution Time\u001b[0m:         \u001b[92m4m43s\u001b[0m"}
{"level":"info","time":"2022-10-17T13:39:00.139+0530","caller":"jobmanager/JobSummaryManager.go:39","msg":"    \u001b[1mTest Execution Time\u001b[0m:         \u001b[92m4m43s\u001b[0m"}
{"level":"info","time":"2022-10-17T13:39:00.139+0530","caller":"jobmanager/JobSummaryManager.go:39","msg":"    \u001b[1mJob Duration Time\u001b[0m:           -2562047h47m16.854775808s"}
{"level":"info","time":"2022-10-17T13:39:00.139+0530","caller":"jobmanager/JobSummaryManager.go:39","msg":"    \u001b[1mTotal Tasks\u001b[0m:                 2"}
{"level":"info","time":"2022-10-17T13:39:00.139+0530","caller":"jobmanager/JobSummaryManager.go:39","msg":"    \u001b[1mCumulative Time Consumed\u001b[0m:    0s"}
{"level":"info","time":"2022-10-17T13:39:00.139+0530","caller":"jobmanager/JobSummaryManager.go:39","msg":"    \u001b[1mTotal Stages\u001b[0m:                10"}
{"level":"info","time":"2022-10-17T13:39:00.139+0530","caller":"jobmanager/JobSummaryManager.go:39","msg":"    \u001b[1mPass stage percentage\u001b[0m:       \u001b[92m100.00%\u001b[0m"}
{"level":"info","time":"2022-10-17T13:39:00.139+0530","caller":"jobmanager/JobSummaryManager.go:39","msg":"    \u001b[1mFailed stage percentage\u001b[0m:     0.00%"}
{"level":"info","time":"2022-10-17T13:39:00.139+0530","caller":"jobmanager/JobSummaryManager.go:39","msg":"    \u001b[1mFailed Tasks\u001b[0m:                0"}
{"level":"info","time":"2022-10-17T13:39:00.139+0530","caller":"taskstagemanager/tracker.go:143","msg":""}
{"level":"debug","time":"2022-10-17T13:39:01.422+0530","caller":"core/lifecycle.go:408","msg":"\nArtifacts ready to be downloaded for task id: 03c80ade-67e0-4160-94bd-a7f2acc8760d --- [https://hyperexecutestage.blob.core.windows.net/artefacts/3bae52a0-1673-45ae-b0af-46123db3f94e/tango/artefact_test/1.txt?se=2022-10-17T12%3A09%3A01Z&sig=vR2UKNGZFL54PTsUxlafikFG94qRX1ruGhdkp0D%2BpW0%3D&sp=r&spr=https&sr=b&sv=2020-04-08 https://hyperexecutestage.blob.core.windows.net/artefacts/3bae52a0-1673-45ae-b0af-46123db3f94e/tango/artefact_test/2/2.txt?se=2022-10-17T12%3A09%3A01Z&sig=dLOWssRrX6u4HcC8mtD8eD80A6H8WuHXnnnynr1mQFk%3D&sp=r&spr=https&sr=b&sv=2020-04-08]\n"}
{"level":"debug","time":"2022-10-17T13:39:01.422+0530","caller":"core/lifecycle.go:408","msg":" https://hyperexecutestage.blob.core.windows.net/artefacts/3bae52a0-1673-45ae-b0af-46123db3f94e/tango/artefact_test/1.txt?se=2022-10-17T12%3A09%3A01Z&sig=vR2UKNGZFL54PTsUxlafikFG94qRX1ruGhdkp0D%2BpW0%3D&sp=r&spr=https&sr=b&sv=2020-04-08"}
{"level":"debug","time":"2022-10-17T13:39:01.422+0530","caller":"core/lifecycle.go:408","msg":" https://hyperexecutestage.blob.core.windows.net/artefacts/3bae52a0-1673-45ae-b0af-46123db3f94e/tango/artefact_test/2/2.txt?se=2022-10-17T12%3A09%3A01Z&sig=dLOWssRrX6u4HcC8mtD8eD80A6H8WuHXnnnynr1mQFk%3D&sp=r&spr=https&sr=b&sv=2020-04-08"}
{"level":"debug","time":"2022-10-17T13:39:01.667+0530","caller":"core/lifecycle.go:408","msg":"\nDownloading artefacts for task id: 03c80ade-67e0-4160-94bd-a7f2acc8760d\n"}
{"level":"debug","time":"2022-10-17T13:39:03.902+0530","caller":"core/lifecycle.go:408","msg":"\nDownloading artefacts completed for task id: 03c80ade-67e0-4160-94bd-a7f2acc8760d\n"}
{"level":"debug","time":"2022-10-17T13:39:04.174+0530","caller":"core/lifecycle.go:408","msg":"\nArtifacts ready to be downloaded for task id: 66523221-677a-4883-bda4-4d51fb8c19ff --- [https://hyperexecutestage.blob.core.windows.net/artefacts/31b30b89-60f7-46c5-95dd-791cd66c411e/tango/artefact_test/1.txt?se=2022-10-17T12%3A09%3A04Z&sig=gTtFjFb8jcnqU7eZJwsnml6hyndYVb89GO4XD3%2BAIYY%3D&sp=r&spr=https&sr=b&sv=2020-04-08 https://hyperexecutestage.blob.core.windows.net/artefacts/31b30b89-60f7-46c5-95dd-791cd66c411e/tango/artefact_test/2/2.txt?se=2022-10-17T12%3A09%3A04Z&sig=JBU%2BiLi9HCp01UpOq8vfFZa2IZ%2Fh1N%2F75SyYGq8j218%3D&sp=r&spr=https&sr=b&sv=2020-04-08]\n"}
{"level":"debug","time":"2022-10-17T13:39:04.174+0530","caller":"core/lifecycle.go:408","msg":" https://hyperexecutestage.blob.core.windows.net/artefacts/31b30b89-60f7-46c5-95dd-791cd66c411e/tango/artefact_test/1.txt?se=2022-10-17T12%3A09%3A04Z&sig=gTtFjFb8jcnqU7eZJwsnml6hyndYVb89GO4XD3%2BAIYY%3D&sp=r&spr=https&sr=b&sv=2020-04-08"}
{"level":"debug","time":"2022-10-17T13:39:04.174+0530","caller":"core/lifecycle.go:408","msg":" https://hyperexecutestage.blob.core.windows.net/artefacts/31b30b89-60f7-46c5-95dd-791cd66c411e/tango/artefact_test/2/2.txt?se=2022-10-17T12%3A09%3A04Z&sig=JBU%2BiLi9HCp01UpOq8vfFZa2IZ%2Fh1N%2F75SyYGq8j218%3D&sp=r&spr=https&sr=b&sv=2020-04-08"}
{"level":"debug","time":"2022-10-17T13:39:04.422+0530","caller":"core/lifecycle.go:408","msg":"\nDownloading artefacts for task id: 66523221-677a-4883-bda4-4d51fb8c19ff\n"}
{"level":"debug","time":"2022-10-17T13:39:06.674+0530","caller":"core/lifecycle.go:408","msg":"\nDownloading artefacts completed for task id: 66523221-677a-4883-bda4-4d51fb8c19ff\n"}
{"level":"debug","time":"2022-10-17T13:39:06.675+0530","caller":"core/lifecycle.go:408","msg":"pathRemoved%!(EXTRA string=/Users/riteshchaurasia/workspace/lambda/repo/python/artifacts/tango/artefact_test)"}
{"level":"debug","time":"2022-10-17T13:39:06.675+0530","caller":"core/lifecycle.go:408","msg":"newPath%!(EXTRA string=/Users/riteshchaurasia/workspace/lambda/repo/python/artifacts/tango/tango)"}
{"level":"debug","time":"2022-10-17T13:39:06.677+0530","caller":"cmd/bin.go:158","msg":"Successfully deleted code archive: /Users/riteshchaurasia/workspace/lambda/repo/python/hyperexecute-code-bfcfa38f-e3f2-4a8d-b172-fd6b2b16bdfa.zip\n"}
{"level":"debug","time":"2022-10-17T13:39:06.677+0530","caller":"cmd/bin.go:158","msg":"Context cancelled"}
{"level":"info","time":"2022-10-17T13:39:06.677+0530","caller":"cmd/bin.go:158","msg":"\u001b[2mStopping pipeline gracefully\u001b[0m"}
{"level":"debug","time":"2022-10-17T13:39:06.677+0530","caller":"cmd/bin.go:158","msg":"Quit requested from main goroutine...."}
{"level":"debug","time":"2022-10-17T13:39:06.677+0530","caller":"cmd/bin.go:158","msg":"Waiting for the goroutines to exit"}
{"level":"debug","time":"2022-10-17T13:39:06.677+0530","caller":"cmd/bin.go:158","msg":"All goroutines exited"}
{"level":"debug","time":"2022-10-17T13:39:06.984+0530","caller":"runtime/asm_arm64.s:1172","msg":"main: all goroutines have finished."}
{"level":"debug","time":"2022-10-27T05:44:24.014+0530","caller":"cobra@v0.0.6/command.go:844","msg":"HyperExecute cli version: 0.1.14"}
{"level":"debug","time":"2022-10-27T05:44:54.060+0530","caller":"cobra@v0.0.6/command.go:844","msg":"HyperExecute cli version: 0.1.14"}
{"level":"debug","time":"2022-10-27T05:44:55.312+0530","caller":"cmd/bin.go:158","msg":"Upstream version: {Min:0.2.3 Max:0.2.3} "}
{"level":"info","time":"2022-10-27T05:44:55.312+0530","caller":"core/lifecycle.go:74","msg":"Auto updating binary ..................."}
{"level":"debug","time":"2022-10-27T05:44:55.312+0530","caller":"core/lifecycle.go:74","msg":"Download url: https://stage-downloads.lambdatest.com/hyperexecute/darwin/hyperexecute"}
{"level":"debug","time":"2022-10-27T05:44:56.682+0530","caller":"core/lifecycle.go:74","msg":"New binary downloaded successfully "}
{"level":"debug","time":"2022-10-27T05:44:56.683+0530","caller":"core/lifecycle.go:74","msg":"Please run it again "}
{"level":"info","time":"2022-10-27T05:44:56.687+0530","caller":"cmd/bin.go:158","msg":"Update successfully installed. Please restart the binary"}
