{"level":"debug","time":"2023-03-20T17:15:16.059+0530","caller":"ulimit/ulimit.go:35","msg":"File descriptor limit 61440"}
{"level":"info","time":"2023-03-20T17:15:16.131+0530","caller":"cmd/lt.go:183","msg":"LambdaTest Tunnel version: 3.1.26"}
{"level":"debug","time":"2023-03-20T17:15:16.132+0530","caller":"core/lifecycle.go:41","msg":"Starting pipeline....."}
{"level":"debug","time":"2023-03-20T17:15:16.132+0530","caller":"core/lifecycle.go:42","msg":"OS: darwin, Arch: arm64"}
{"level":"debug","time":"2023-03-20T17:15:16.132+0530","caller":"core/lifecycle.go:43","msg":"Fetching config"}
{"level":"debug","time":"2023-03-20T17:15:16.132+0530","caller":"core/lifecycle.go:65","msg":"Starting tunnel With flags: --user riteshchaurasia --key ***** --callbackURL http://127.0.0.1:61160/started --env ht-prod --tunnelName ogGkqgiZoUgYcZQJ --retry-on-failure --logFile /Users/riteshchaurasia/workspace/lambda/repo/python/logs/tunnel/ogGkqgiZoUgYcZQJ-1.log"}
{"level":"debug","time":"2023-03-20T17:15:17.173+0530","caller":"core/lifecycle.go:83","msg":"Remote config fetched"}
{"level":"debug","time":"2023-03-20T17:15:17.320+0530","caller":"custom/setup.go:708","msg":"Starting sink proxy"}
{"level":"debug","time":"2023-03-20T17:15:17.320+0530","caller":"networkscanner/setup.go:121","msg":"Trying over ssh over ws"}
{"level":"debug","time":"2023-03-20T17:15:17.320+0530","caller":"callback/setup.go:51","msg":"Starting the callback agent"}
{"level":"debug","time":"2023-03-20T17:15:17.320+0530","caller":"networkscanner/setup.go:87","msg":"Trying on port 443"}
{"level":"debug","time":"2023-03-20T17:15:17.320+0530","caller":"networkscanner/setup.go:53","msg":"Trying on port 22"}
{"level":"info","time":"2023-03-20T17:15:17.321+0530","caller":"custom/setup.go:655","msg":"Tunnel binary started on port :9090"}
{"level":"debug","time":"2023-03-20T17:15:18.850+0530","caller":"networkscanner/setup.go:138","msg":"WSS connection was successful"}
{"level":"debug","time":"2023-03-20T17:15:19.811+0530","caller":"networkscanner/setup.go:108","msg":"SSH connection over port 443 successful"}
{"level":"debug","time":"2023-03-20T17:15:20.338+0530","caller":"networkscanner/setup.go:74","msg":"SSH connection over port 22 successful"}
{"level":"debug","time":"2023-03-20T17:15:20.587+0530","caller":"networkscanner/setup.go:163","msg":"SSH connection over ws successful"}
{"level":"info","time":"2023-03-20T17:15:20.587+0530","caller":"networkscanner/setup.go:201","msg":"Using ssh(over_22) :: connection mode"}
{"level":"info","time":"2023-03-20T17:15:20.588+0530","caller":"core/lifecycle.go:249","msg":"Launching tunnel"}
{"level":"debug","time":"2023-03-20T17:15:20.588+0530","caller":"ws/control.go:34","msg":"Starting control ws connection at wss://hts.lambdatest.com/monitor"}
{"level":"debug","time":"2023-03-20T17:15:21.725+0530","caller":"core/lifecycle.go:321","msg":"Sending tunnel registered message to channels"}
{"level":"debug","time":"2023-03-20T17:15:21.725+0530","caller":"ssh/setup.go:71","msg":"Using 5 ssh connection"}
{"level":"debug","time":"2023-03-20T17:15:21.726+0530","caller":"callback/setup.go:100","msg":"Webhook endpoint http://127.0.0.1:61160/started successfully notified"}
{"level":"debug","time":"2023-03-20T17:15:21.729+0530","caller":"ws/control.go:72","msg":"Control ws channel opened"}
{"level":"debug","time":"2023-03-20T17:15:21.729+0530","caller":"ws/control.go:196","msg":"Tunnel registered message received on control channel"}
{"level":"debug","time":"2023-03-20T17:15:21.729+0530","caller":"ws/control.go:200","msg":"controller bus registered"}
{"level":"debug","time":"2023-03-20T17:15:21.729+0530","caller":"ws/control.go:131","msg":"Starting message listener on control connection"}
{"level":"debug","time":"2023-03-20T17:15:24.112+0530","caller":"ssh/ssh.go:216","msg":"Successfully started sshd listener on port: 2630"}
{"level":"debug","time":"2023-03-20T17:15:24.120+0530","caller":"ssh/ssh.go:216","msg":"Successfully started sshd listener on port: 1286"}
{"level":"info","time":"2023-03-20T17:15:24.120+0530","caller":"core/lifecycle.go:335","msg":"You can start testing now"}
{"level":"info","time":"2023-03-20T17:15:24.120+0530","caller":"core/lifecycle.go:336","msg":"Tunnel ID: 1202809"}
{"level":"debug","time":"2023-03-20T17:15:24.120+0530","caller":"core/lifecycle.go:337","msg":"Remote Listener Started on Port 11068"}
{"level":"debug","time":"2023-03-20T17:15:24.195+0530","caller":"ssh/ssh.go:216","msg":"Successfully started sshd listener on port: 7222"}
{"level":"debug","time":"2023-03-20T17:15:24.209+0530","caller":"ssh/ssh.go:216","msg":"Successfully started sshd listener on port: 15754"}
{"level":"debug","time":"2023-03-20T17:15:24.217+0530","caller":"ssh/ssh.go:216","msg":"Successfully started sshd listener on port: 16708"}
{"level":"debug","time":"2023-03-20T17:16:14.568+0530","caller":"custom/setup.go:470","msg":"handling connect request for URL https://lambdatest.com:443"}
{"level":"debug","time":"2023-03-20T17:16:16.003+0530","caller":"custom/setup.go:470","msg":"handling connect request for URL https://www.lambdatest.com:443"}
{"level":"debug","time":"2023-03-20T17:16:18.955+0530","caller":"custom/setup.go:470","msg":"handling connect request for URL https://www.lambdatest.com:443"}
{"level":"debug","time":"2023-03-20T17:16:18.955+0530","caller":"custom/setup.go:470","msg":"handling connect request for URL https://www.lambdatest.com:443"}
{"level":"debug","time":"2023-03-20T17:16:18.956+0530","caller":"custom/setup.go:470","msg":"handling connect request for URL https://www.lambdatest.com:443"}
{"level":"debug","time":"2023-03-20T17:16:19.180+0530","caller":"custom/setup.go:470","msg":"handling connect request for URL https://www.lambdatest.com:443"}
{"level":"debug","time":"2023-03-20T17:16:19.386+0530","caller":"custom/setup.go:470","msg":"handling connect request for URL https://www.lambdatest.com:443"}
{"level":"debug","time":"2023-03-20T17:16:19.411+0530","caller":"custom/setup.go:470","msg":"handling connect request for URL https://static.cloudflareinsights.com:443"}
{"level":"debug","time":"2023-03-20T17:16:19.672+0530","caller":"custom/setup.go:470","msg":"handling connect request for URL https://www.lambdatest.com:443"}
{"level":"debug","time":"2023-03-20T17:16:20.006+0530","caller":"custom/setup.go:470","msg":"handling connect request for URL https://www.lambdatest.com:443"}
{"level":"debug","time":"2023-03-20T17:16:20.556+0530","caller":"custom/setup.go:470","msg":"handling connect request for URL https://www.lambdatest.com:443"}
{"level":"debug","time":"2023-03-20T17:16:20.806+0530","caller":"custom/setup.go:470","msg":"handling connect request for URL https://www.lambdatest.com:443"}
{"level":"debug","time":"2023-03-20T17:16:20.850+0530","caller":"custom/setup.go:470","msg":"handling connect request for URL https://www.lambdatest.com:443"}
{"level":"debug","time":"2023-03-20T17:16:20.945+0530","caller":"custom/setup.go:470","msg":"handling connect request for URL https://www.lambdatest.com:443"}
{"level":"debug","time":"2023-03-20T17:16:21.979+0530","caller":"custom/setup.go:470","msg":"handling connect request for URL https://accounts.google.com:443"}
{"level":"debug","time":"2023-03-20T17:16:22.126+0530","caller":"custom/setup.go:470","msg":"handling connect request for URL https://www.googletagmanager.com:443"}
{"level":"debug","time":"2023-03-20T17:16:22.307+0530","caller":"custom/setup.go:470","msg":"handling connect request for URL https://auth.lambdatest.com:443"}
{"level":"debug","time":"2023-03-20T17:16:24.214+0530","caller":"custom/setup.go:470","msg":"handling connect request for URL https://cdn.firstpromoter.com:443"}
{"level":"debug","time":"2023-03-20T17:16:24.246+0530","caller":"custom/setup.go:470","msg":"handling connect request for URL https://salesiq.zoho.com:443"}
{"level":"debug","time":"2023-03-20T17:16:24.304+0530","caller":"custom/setup.go:470","msg":"handling connect request for URL https://www.dwin1.com:443"}
{"level":"debug","time":"2023-03-20T17:16:24.365+0530","caller":"custom/setup.go:470","msg":"handling connect request for URL https://www.googletagmanager.com:443"}
{"level":"debug","time":"2023-03-20T17:16:24.365+0530","caller":"custom/setup.go:470","msg":"handling connect request for URL https://server.recotap.com:443"}
{"level":"debug","time":"2023-03-20T17:16:24.478+0530","caller":"custom/setup.go:470","msg":"handling connect request for URL https://www.lambdatest.com:443"}
{"level":"debug","time":"2023-03-20T17:16:25.359+0530","caller":"custom/setup.go:470","msg":"handling connect request for URL https://www.google.co.in:443"}
{"level":"debug","time":"2023-03-20T17:16:25.543+0530","caller":"custom/setup.go:470","msg":"handling connect request for URL https://analytics.google.com:443"}
{"level":"debug","time":"2023-03-20T17:16:25.804+0530","caller":"custom/setup.go:470","msg":"handling connect request for URL https://stats.g.doubleclick.net:443"}
{"level":"debug","time":"2023-03-20T17:16:26.172+0530","caller":"custom/setup.go:470","msg":"handling connect request for URL https://cdn.amplitude.com:443"}
{"level":"debug","time":"2023-03-20T17:16:26.206+0530","caller":"custom/setup.go:470","msg":"handling connect request for URL https://googleads.g.doubleclick.net:443"}
{"level":"debug","time":"2023-03-20T17:16:26.264+0530","caller":"custom/setup.go:470","msg":"handling connect request for URL https://googleads.g.doubleclick.net:443"}
{"level":"debug","time":"2023-03-20T17:16:26.423+0530","caller":"custom/setup.go:470","msg":"handling connect request for URL https://www.google-analytics.com:443"}
{"level":"debug","time":"2023-03-20T17:16:26.531+0530","caller":"custom/setup.go:470","msg":"handling connect request for URL https://connect.facebook.net:443"}
{"level":"debug","time":"2023-03-20T17:16:26.635+0530","caller":"custom/setup.go:470","msg":"handling connect request for URL https://snap.licdn.com:443"}
{"level":"debug","time":"2023-03-20T17:16:27.264+0530","caller":"custom/setup.go:470","msg":"handling connect request for URL https://vts.zohopublic.com:443"}
{"level":"debug","time":"2023-03-20T17:16:27.522+0530","caller":"custom/setup.go:470","msg":"handling connect request for URL https://css.zohocdn.com:443"}
{"level":"debug","time":"2023-03-20T17:16:27.537+0530","caller":"custom/setup.go:470","msg":"handling connect request for URL https://js.zohocdn.com:443"}
{"level":"debug","time":"2023-03-20T17:16:27.740+0530","caller":"custom/setup.go:470","msg":"handling connect request for URL https://api.amplitude.com:443"}
{"level":"debug","time":"2023-03-20T17:16:28.358+0530","caller":"custom/setup.go:470","msg":"handling connect request for URL https://cdn.linkedin.oribi.io:443"}
{"level":"debug","time":"2023-03-20T17:16:28.726+0530","caller":"custom/setup.go:470","msg":"handling connect request for URL https://www.google.com:443"}
{"level":"debug","time":"2023-03-20T17:16:28.781+0530","caller":"custom/setup.go:470","msg":"handling connect request for URL https://www.google.com:443"}
{"level":"debug","time":"2023-03-20T17:16:28.880+0530","caller":"custom/setup.go:470","msg":"handling connect request for URL https://www.google.com:443"}
{"level":"debug","time":"2023-03-20T17:16:28.954+0530","caller":"custom/setup.go:470","msg":"handling connect request for URL https://www.google.co.in:443"}
{"level":"debug","time":"2023-03-20T17:16:29.062+0530","caller":"custom/setup.go:470","msg":"handling connect request for URL https://www.google.co.in:443"}
{"level":"debug","time":"2023-03-20T17:16:29.186+0530","caller":"custom/setup.go:470","msg":"handling connect request for URL https://files.zohopublic.com:443"}
