{"level":"debug","time":"2023-03-20T16:41:50.400+0530","caller":"ulimit/ulimit.go:35","msg":"File descriptor limit 61440"}
{"level":"info","time":"2023-03-20T16:41:50.490+0530","caller":"cmd/lt.go:183","msg":"LambdaTest Tunnel version: 3.1.26"}
{"level":"debug","time":"2023-03-20T16:41:50.490+0530","caller":"core/lifecycle.go:41","msg":"Starting pipeline....."}
{"level":"debug","time":"2023-03-20T16:41:50.490+0530","caller":"core/lifecycle.go:42","msg":"OS: darwin, Arch: arm64"}
{"level":"debug","time":"2023-03-20T16:41:50.490+0530","caller":"core/lifecycle.go:43","msg":"Fetching config"}
{"level":"debug","time":"2023-03-20T16:41:50.490+0530","caller":"core/lifecycle.go:65","msg":"Starting tunnel With flags: --user riteshchaurasia --key ***** --callbackURL http://127.0.0.1:56350/started --env ht-prod --tunnelName QKdGGKPUKqCvzRNn --retry-on-failure --logFile /Users/riteshchaurasia/workspace/lambda/repo/python/logs/tunnel/QKdGGKPUKqCvzRNn-1.log"}
{"level":"debug","time":"2023-03-20T16:41:51.623+0530","caller":"core/lifecycle.go:83","msg":"Remote config fetched"}
{"level":"debug","time":"2023-03-20T16:41:51.884+0530","caller":"custom/setup.go:708","msg":"Starting sink proxy"}
{"level":"debug","time":"2023-03-20T16:41:51.884+0530","caller":"callback/setup.go:51","msg":"Starting the callback agent"}
{"level":"debug","time":"2023-03-20T16:41:51.884+0530","caller":"networkscanner/setup.go:121","msg":"Trying over ssh over ws"}
{"level":"debug","time":"2023-03-20T16:41:51.884+0530","caller":"networkscanner/setup.go:87","msg":"Trying on port 443"}
{"level":"debug","time":"2023-03-20T16:41:51.884+0530","caller":"networkscanner/setup.go:53","msg":"Trying on port 22"}
{"level":"info","time":"2023-03-20T16:41:51.884+0530","caller":"custom/setup.go:655","msg":"Tunnel binary started on port :9090"}
{"level":"debug","time":"2023-03-20T16:41:52.861+0530","caller":"networkscanner/setup.go:138","msg":"WSS connection was successful"}
{"level":"debug","time":"2023-03-20T16:41:53.890+0530","caller":"networkscanner/setup.go:108","msg":"SSH connection over port 443 successful"}
{"level":"debug","time":"2023-03-20T16:41:54.438+0530","caller":"networkscanner/setup.go:74","msg":"SSH connection over port 22 successful"}
{"level":"debug","time":"2023-03-20T16:41:54.708+0530","caller":"networkscanner/setup.go:163","msg":"SSH connection over ws successful"}
{"level":"info","time":"2023-03-20T16:41:54.708+0530","caller":"networkscanner/setup.go:201","msg":"Using ssh(over_22) :: connection mode"}
{"level":"info","time":"2023-03-20T16:41:54.708+0530","caller":"core/lifecycle.go:249","msg":"Launching tunnel"}
{"level":"debug","time":"2023-03-20T16:41:54.708+0530","caller":"ws/control.go:34","msg":"Starting control ws connection at wss://hts.lambdatest.com/monitor"}
{"level":"debug","time":"2023-03-20T16:41:55.940+0530","caller":"ws/control.go:72","msg":"Control ws channel opened"}
{"level":"debug","time":"2023-03-20T16:41:55.940+0530","caller":"ws/control.go:131","msg":"Starting message listener on control connection"}
{"level":"debug","time":"2023-03-20T16:41:56.007+0530","caller":"core/lifecycle.go:321","msg":"Sending tunnel registered message to channels"}
{"level":"debug","time":"2023-03-20T16:41:56.007+0530","caller":"ws/control.go:196","msg":"Tunnel registered message received on control channel"}
{"level":"debug","time":"2023-03-20T16:41:56.007+0530","caller":"ws/control.go:200","msg":"controller bus registered"}
{"level":"debug","time":"2023-03-20T16:41:56.007+0530","caller":"ssh/setup.go:71","msg":"Using 5 ssh connection"}
{"level":"debug","time":"2023-03-20T16:41:56.008+0530","caller":"callback/setup.go:100","msg":"Webhook endpoint http://127.0.0.1:56350/started successfully notified"}
{"level":"debug","time":"2023-03-20T16:41:58.348+0530","caller":"ssh/ssh.go:216","msg":"Successfully started sshd listener on port: 10893"}
{"level":"debug","time":"2023-03-20T16:41:58.348+0530","caller":"ssh/ssh.go:216","msg":"Successfully started sshd listener on port: 7484"}
{"level":"info","time":"2023-03-20T16:41:58.348+0530","caller":"core/lifecycle.go:335","msg":"You can start testing now"}
{"level":"info","time":"2023-03-20T16:41:58.348+0530","caller":"core/lifecycle.go:336","msg":"Tunnel ID: 1202805"}
{"level":"debug","time":"2023-03-20T16:41:58.348+0530","caller":"core/lifecycle.go:337","msg":"Remote Listener Started on Port 31474"}
{"level":"debug","time":"2023-03-20T16:41:58.393+0530","caller":"ssh/ssh.go:216","msg":"Successfully started sshd listener on port: 15874"}
{"level":"debug","time":"2023-03-20T16:41:58.398+0530","caller":"ssh/ssh.go:216","msg":"Successfully started sshd listener on port: 12644"}
{"level":"debug","time":"2023-03-20T16:41:58.585+0530","caller":"ssh/ssh.go:216","msg":"Successfully started sshd listener on port: 25791"}
