{"level":"debug","time":"2023-03-20T17:13:47.398+0530","caller":"ulimit/ulimit.go:35","msg":"File descriptor limit 61440"}
{"level":"info","time":"2023-03-20T17:13:47.629+0530","caller":"cmd/lt.go:183","msg":"LambdaTest Tunnel version: 3.1.26"}
{"level":"debug","time":"2023-03-20T17:13:47.630+0530","caller":"core/lifecycle.go:41","msg":"Starting pipeline....."}
{"level":"debug","time":"2023-03-20T17:13:47.630+0530","caller":"core/lifecycle.go:42","msg":"OS: darwin, Arch: arm64"}
{"level":"debug","time":"2023-03-20T17:13:47.630+0530","caller":"core/lifecycle.go:43","msg":"Fetching config"}
{"level":"debug","time":"2023-03-20T17:13:47.630+0530","caller":"core/lifecycle.go:65","msg":"Starting tunnel With flags: --user riteshchaurasia --key ***** --callbackURL http://127.0.0.1:60733/started --env ht-prod --tunnelName qRgfdKOlDrsMUjVQ --retry-on-failure --logFile /Users/riteshchaurasia/workspace/lambda/repo/python/logs/tunnel/qRgfdKOlDrsMUjVQ-1.log"}
{"level":"debug","time":"2023-03-20T17:13:48.649+0530","caller":"core/lifecycle.go:83","msg":"Remote config fetched"}
{"level":"debug","time":"2023-03-20T17:13:48.810+0530","caller":"callback/setup.go:51","msg":"Starting the callback agent"}
{"level":"debug","time":"2023-03-20T17:13:48.810+0530","caller":"custom/setup.go:708","msg":"Starting sink proxy"}
{"level":"debug","time":"2023-03-20T17:13:48.811+0530","caller":"networkscanner/setup.go:53","msg":"Trying on port 22"}
{"level":"debug","time":"2023-03-20T17:13:48.810+0530","caller":"networkscanner/setup.go:121","msg":"Trying over ssh over ws"}
{"level":"debug","time":"2023-03-20T17:13:48.811+0530","caller":"networkscanner/setup.go:87","msg":"Trying on port 443"}
{"level":"info","time":"2023-03-20T17:13:48.811+0530","caller":"custom/setup.go:655","msg":"Tunnel binary started on port :9090"}
{"level":"debug","time":"2023-03-20T17:13:49.821+0530","caller":"networkscanner/setup.go:138","msg":"WSS connection was successful"}
{"level":"debug","time":"2023-03-20T17:13:50.790+0530","caller":"networkscanner/setup.go:108","msg":"SSH connection over port 443 successful"}
{"level":"debug","time":"2023-03-20T17:13:51.353+0530","caller":"networkscanner/setup.go:74","msg":"SSH connection over port 22 successful"}
{"level":"debug","time":"2023-03-20T17:13:51.515+0530","caller":"networkscanner/setup.go:163","msg":"SSH connection over ws successful"}
{"level":"info","time":"2023-03-20T17:13:51.515+0530","caller":"networkscanner/setup.go:201","msg":"Using ssh(over_22) :: connection mode"}
{"level":"info","time":"2023-03-20T17:13:51.515+0530","caller":"core/lifecycle.go:249","msg":"Launching tunnel"}
{"level":"debug","time":"2023-03-20T17:13:51.515+0530","caller":"ws/control.go:34","msg":"Starting control ws connection at wss://hts.lambdatest.com/monitor"}
{"level":"debug","time":"2023-03-20T17:13:53.063+0530","caller":"core/lifecycle.go:321","msg":"Sending tunnel registered message to channels"}
{"level":"debug","time":"2023-03-20T17:13:53.063+0530","caller":"ssh/setup.go:71","msg":"Using 5 ssh connection"}
{"level":"debug","time":"2023-03-20T17:13:53.065+0530","caller":"callback/setup.go:100","msg":"Webhook endpoint http://127.0.0.1:60733/started successfully notified"}
{"level":"debug","time":"2023-03-20T17:13:53.121+0530","caller":"ws/control.go:72","msg":"Control ws channel opened"}
{"level":"debug","time":"2023-03-20T17:13:53.121+0530","caller":"ws/control.go:196","msg":"Tunnel registered message received on control channel"}
{"level":"debug","time":"2023-03-20T17:13:53.121+0530","caller":"ws/control.go:200","msg":"controller bus registered"}
{"level":"debug","time":"2023-03-20T17:13:53.121+0530","caller":"ws/control.go:131","msg":"Starting message listener on control connection"}
{"level":"debug","time":"2023-03-20T17:13:55.543+0530","caller":"ssh/ssh.go:216","msg":"Successfully started sshd listener on port: 20390"}
{"level":"debug","time":"2023-03-20T17:13:55.548+0530","caller":"ssh/ssh.go:216","msg":"Successfully started sshd listener on port: 24911"}
{"level":"info","time":"2023-03-20T17:13:55.548+0530","caller":"core/lifecycle.go:335","msg":"You can start testing now"}
{"level":"info","time":"2023-03-20T17:13:55.548+0530","caller":"core/lifecycle.go:336","msg":"Tunnel ID: 1202808"}
{"level":"debug","time":"2023-03-20T17:13:55.548+0530","caller":"core/lifecycle.go:337","msg":"Remote Listener Started on Port 14595"}
{"level":"debug","time":"2023-03-20T17:13:55.548+0530","caller":"ssh/ssh.go:216","msg":"Successfully started sshd listener on port: 21050"}
{"level":"debug","time":"2023-03-20T17:13:55.548+0530","caller":"ssh/ssh.go:216","msg":"Successfully started sshd listener on port: 27699"}
{"level":"debug","time":"2023-03-20T17:13:55.581+0530","caller":"ssh/ssh.go:216","msg":"Successfully started sshd listener on port: 25084"}
