{"level":"debug","time":"2023-03-20T17:10:56.272+0530","caller":"ulimit/ulimit.go:35","msg":"File descriptor limit 61440"}
{"level":"info","time":"2023-03-20T17:10:56.480+0530","caller":"cmd/lt.go:183","msg":"LambdaTest Tunnel version: 3.1.26"}
{"level":"debug","time":"2023-03-20T17:10:56.481+0530","caller":"core/lifecycle.go:41","msg":"Starting pipeline....."}
{"level":"debug","time":"2023-03-20T17:10:56.481+0530","caller":"core/lifecycle.go:42","msg":"OS: darwin, Arch: arm64"}
{"level":"debug","time":"2023-03-20T17:10:56.481+0530","caller":"core/lifecycle.go:43","msg":"Fetching config"}
{"level":"debug","time":"2023-03-20T17:10:56.481+0530","caller":"core/lifecycle.go:65","msg":"Starting tunnel With flags: --user riteshchaurasia --key ***** --callbackURL http://127.0.0.1:59826/started --env ht-prod --tunnelName SJzaFwdinCvbIvic --retry-on-failure --logFile /Users/riteshchaurasia/workspace/lambda/repo/python/logs/tunnel/SJzaFwdinCvbIvic-1.log"}
{"level":"debug","time":"2023-03-20T17:10:57.547+0530","caller":"core/lifecycle.go:83","msg":"Remote config fetched"}
{"level":"debug","time":"2023-03-20T17:10:57.629+0530","caller":"callback/setup.go:51","msg":"Starting the callback agent"}
{"level":"debug","time":"2023-03-20T17:10:57.629+0530","caller":"networkscanner/setup.go:53","msg":"Trying on port 22"}
{"level":"debug","time":"2023-03-20T17:10:57.629+0530","caller":"networkscanner/setup.go:87","msg":"Trying on port 443"}
{"level":"debug","time":"2023-03-20T17:10:57.629+0530","caller":"custom/setup.go:708","msg":"Starting sink proxy"}
{"level":"debug","time":"2023-03-20T17:10:57.629+0530","caller":"networkscanner/setup.go:121","msg":"Trying over ssh over ws"}
{"level":"info","time":"2023-03-20T17:10:57.630+0530","caller":"custom/setup.go:655","msg":"Tunnel binary started on port :9090"}
{"level":"debug","time":"2023-03-20T17:10:58.678+0530","caller":"networkscanner/setup.go:138","msg":"WSS connection was successful"}
{"level":"debug","time":"2023-03-20T17:10:59.614+0530","caller":"networkscanner/setup.go:108","msg":"SSH connection over port 443 successful"}
{"level":"debug","time":"2023-03-20T17:11:00.018+0530","caller":"networkscanner/setup.go:74","msg":"SSH connection over port 22 successful"}
{"level":"debug","time":"2023-03-20T17:11:00.432+0530","caller":"networkscanner/setup.go:163","msg":"SSH connection over ws successful"}
{"level":"info","time":"2023-03-20T17:11:00.432+0530","caller":"networkscanner/setup.go:201","msg":"Using ssh(over_22) :: connection mode"}
{"level":"info","time":"2023-03-20T17:11:00.432+0530","caller":"core/lifecycle.go:249","msg":"Launching tunnel"}
{"level":"debug","time":"2023-03-20T17:11:00.433+0530","caller":"ws/control.go:34","msg":"Starting control ws connection at wss://hts.lambdatest.com/monitor"}
{"level":"debug","time":"2023-03-20T17:11:01.545+0530","caller":"ws/control.go:72","msg":"Control ws channel opened"}
{"level":"debug","time":"2023-03-20T17:11:01.546+0530","caller":"ws/control.go:131","msg":"Starting message listener on control connection"}
{"level":"debug","time":"2023-03-20T17:11:01.569+0530","caller":"core/lifecycle.go:321","msg":"Sending tunnel registered message to channels"}
{"level":"debug","time":"2023-03-20T17:11:01.569+0530","caller":"ssh/setup.go:71","msg":"Using 5 ssh connection"}
{"level":"debug","time":"2023-03-20T17:11:01.570+0530","caller":"ws/control.go:196","msg":"Tunnel registered message received on control channel"}
{"level":"debug","time":"2023-03-20T17:11:01.570+0530","caller":"ws/control.go:200","msg":"controller bus registered"}
{"level":"debug","time":"2023-03-20T17:11:01.571+0530","caller":"callback/setup.go:100","msg":"Webhook endpoint http://127.0.0.1:59826/started successfully notified"}
{"level":"debug","time":"2023-03-20T17:11:03.984+0530","caller":"ssh/ssh.go:216","msg":"Successfully started sshd listener on port: 3781"}
{"level":"debug","time":"2023-03-20T17:11:04.053+0530","caller":"ssh/ssh.go:216","msg":"Successfully started sshd listener on port: 25128"}
{"level":"debug","time":"2023-03-20T17:11:04.053+0530","caller":"ssh/ssh.go:216","msg":"Successfully started sshd listener on port: 18574"}
{"level":"info","time":"2023-03-20T17:11:04.053+0530","caller":"core/lifecycle.go:335","msg":"You can start testing now"}
{"level":"info","time":"2023-03-20T17:11:04.053+0530","caller":"core/lifecycle.go:336","msg":"Tunnel ID: 1202807"}
{"level":"debug","time":"2023-03-20T17:11:04.053+0530","caller":"core/lifecycle.go:337","msg":"Remote Listener Started on Port 6404"}
{"level":"debug","time":"2023-03-20T17:11:04.306+0530","caller":"ssh/ssh.go:216","msg":"Successfully started sshd listener on port: 24935"}
{"level":"debug","time":"2023-03-20T17:11:04.523+0530","caller":"ssh/ssh.go:216","msg":"Successfully started sshd listener on port: 10094"}
{"level":"debug","time":"2023-03-20T17:11:56.690+0530","caller":"custom/setup.go:470","msg":"handling connect request for URL https://lambdatest.com:443"}
{"level":"debug","time":"2023-03-20T17:11:58.014+0530","caller":"custom/setup.go:470","msg":"handling connect request for URL https://www.lambdatest.com:443"}
{"level":"debug","time":"2023-03-20T17:11:59.858+0530","caller":"custom/setup.go:470","msg":"handling connect request for URL https://www.lambdatest.com:443"}
{"level":"debug","time":"2023-03-20T17:11:59.858+0530","caller":"custom/setup.go:470","msg":"handling connect request for URL https://www.lambdatest.com:443"}
{"level":"debug","time":"2023-03-20T17:11:59.858+0530","caller":"custom/setup.go:470","msg":"handling connect request for URL https://www.lambdatest.com:443"}
{"level":"debug","time":"2023-03-20T17:12:00.081+0530","caller":"custom/setup.go:470","msg":"handling connect request for URL https://www.lambdatest.com:443"}
{"level":"debug","time":"2023-03-20T17:12:00.292+0530","caller":"custom/setup.go:470","msg":"handling connect request for URL https://www.lambdatest.com:443"}
{"level":"debug","time":"2023-03-20T17:12:00.314+0530","caller":"custom/setup.go:470","msg":"handling connect request for URL https://static.cloudflareinsights.com:443"}
{"level":"debug","time":"2023-03-20T17:12:00.576+0530","caller":"custom/setup.go:470","msg":"handling connect request for URL https://www.lambdatest.com:443"}
{"level":"debug","time":"2023-03-20T17:12:00.583+0530","caller":"custom/setup.go:470","msg":"handling connect request for URL https://accounts.google.com:443"}
{"level":"debug","time":"2023-03-20T17:12:01.473+0530","caller":"custom/setup.go:470","msg":"handling connect request for URL https://www.lambdatest.com:443"}
{"level":"debug","time":"2023-03-20T17:12:01.552+0530","caller":"custom/setup.go:470","msg":"handling connect request for URL https://www.lambdatest.com:443"}
{"level":"debug","time":"2023-03-20T17:12:01.709+0530","caller":"custom/setup.go:470","msg":"handling connect request for URL https://www.lambdatest.com:443"}
{"level":"debug","time":"2023-03-20T17:12:01.771+0530","caller":"custom/setup.go:470","msg":"handling connect request for URL https://www.lambdatest.com:443"}
{"level":"debug","time":"2023-03-20T17:12:01.778+0530","caller":"custom/setup.go:470","msg":"handling connect request for URL https://www.lambdatest.com:443"}
{"level":"debug","time":"2023-03-20T17:12:01.954+0530","caller":"custom/setup.go:470","msg":"handling connect request for URL https://www.lambdatest.com:443"}
{"level":"debug","time":"2023-03-20T17:12:02.119+0530","caller":"custom/setup.go:470","msg":"handling connect request for URL https://accounts.google.com:443"}
{"level":"debug","time":"2023-03-20T17:12:02.175+0530","caller":"custom/setup.go:470","msg":"handling connect request for URL https://www.googletagmanager.com:443"}
{"level":"debug","time":"2023-03-20T17:12:03.676+0530","caller":"custom/setup.go:470","msg":"handling connect request for URL https://www.lambdatest.com:443"}
{"level":"debug","time":"2023-03-20T17:12:03.683+0530","caller":"custom/setup.go:470","msg":"handling connect request for URL https://auth.lambdatest.com:443"}
{"level":"debug","time":"2023-03-20T17:12:03.684+0530","caller":"custom/setup.go:470","msg":"handling connect request for URL https://www.lambdatest.com:443"}
{"level":"debug","time":"2023-03-20T17:12:04.144+0530","caller":"custom/setup.go:470","msg":"handling connect request for URL https://www.lambdatest.com:443"}
{"level":"debug","time":"2023-03-20T17:12:04.156+0530","caller":"custom/setup.go:470","msg":"handling connect request for URL https://www.dwin1.com:443"}
{"level":"debug","time":"2023-03-20T17:12:04.215+0530","caller":"custom/setup.go:470","msg":"handling connect request for URL https://www.lambdatest.com:443"}
{"level":"debug","time":"2023-03-20T17:12:04.215+0530","caller":"custom/setup.go:470","msg":"handling connect request for URL https://www.lambdatest.com:443"}
{"level":"debug","time":"2023-03-20T17:12:04.423+0530","caller":"custom/setup.go:470","msg":"handling connect request for URL https://www.googletagmanager.com:443"}
{"level":"debug","time":"2023-03-20T17:12:04.428+0530","caller":"custom/setup.go:470","msg":"handling connect request for URL https://cdn.firstpromoter.com:443"}
{"level":"debug","time":"2023-03-20T17:12:04.780+0530","caller":"custom/setup.go:470","msg":"handling connect request for URL https://www.lambdatest.com:443"}
{"level":"debug","time":"2023-03-20T17:12:04.805+0530","caller":"custom/setup.go:470","msg":"handling connect request for URL https://www.lambdatest.com:443"}
{"level":"debug","time":"2023-03-20T17:12:04.805+0530","caller":"custom/setup.go:470","msg":"handling connect request for URL https://www.lambdatest.com:443"}
{"level":"debug","time":"2023-03-20T17:12:04.864+0530","caller":"custom/setup.go:470","msg":"handling connect request for URL https://www.lambdatest.com:443"}
{"level":"debug","time":"2023-03-20T17:12:04.908+0530","caller":"custom/setup.go:470","msg":"handling connect request for URL https://salesiq.zoho.com:443"}
{"level":"debug","time":"2023-03-20T17:12:05.216+0530","caller":"custom/setup.go:470","msg":"handling connect request for URL https://www.lambdatest.com:443"}
{"level":"debug","time":"2023-03-20T17:12:05.530+0530","caller":"custom/setup.go:470","msg":"handling connect request for URL https://www.google.co.in:443"}
{"level":"debug","time":"2023-03-20T17:12:05.623+0530","caller":"custom/setup.go:470","msg":"handling connect request for URL https://analytics.google.com:443"}
{"level":"debug","time":"2023-03-20T17:12:06.269+0530","caller":"custom/setup.go:470","msg":"handling connect request for URL https://stats.g.doubleclick.net:443"}
{"level":"debug","time":"2023-03-20T17:12:06.445+0530","caller":"custom/setup.go:470","msg":"handling connect request for URL https://snap.licdn.com:443"}
{"level":"debug","time":"2023-03-20T17:12:06.527+0530","caller":"custom/setup.go:470","msg":"handling connect request for URL https://www.google-analytics.com:443"}
{"level":"debug","time":"2023-03-20T17:12:06.549+0530","caller":"custom/setup.go:470","msg":"handling connect request for URL https://googleads.g.doubleclick.net:443"}
{"level":"debug","time":"2023-03-20T17:12:06.549+0530","caller":"custom/setup.go:470","msg":"handling connect request for URL https://cdn.amplitude.com:443"}
{"level":"debug","time":"2023-03-20T17:12:06.619+0530","caller":"custom/setup.go:470","msg":"handling connect request for URL https://connect.facebook.net:443"}
{"level":"debug","time":"2023-03-20T17:12:06.730+0530","caller":"custom/setup.go:470","msg":"handling connect request for URL https://googleads.g.doubleclick.net:443"}
{"level":"debug","time":"2023-03-20T17:12:07.915+0530","caller":"custom/setup.go:470","msg":"handling connect request for URL https://cdn.linkedin.oribi.io:443"}
{"level":"debug","time":"2023-03-20T17:12:08.120+0530","caller":"custom/setup.go:470","msg":"handling connect request for URL https://px.ads.linkedin.com:443"}
{"level":"debug","time":"2023-03-20T17:12:08.248+0530","caller":"custom/setup.go:470","msg":"handling connect request for URL https://js.zohocdn.com:443"}
{"level":"debug","time":"2023-03-20T17:12:08.260+0530","caller":"custom/setup.go:470","msg":"handling connect request for URL https://api.amplitude.com:443"}
{"level":"debug","time":"2023-03-20T17:12:08.564+0530","caller":"custom/setup.go:470","msg":"handling connect request for URL https://css.zohocdn.com:443"}
{"level":"debug","time":"2023-03-20T17:12:08.613+0530","caller":"custom/setup.go:470","msg":"handling connect request for URL https://vts.zohopublic.com:443"}
{"level":"debug","time":"2023-03-20T17:12:10.125+0530","caller":"custom/setup.go:470","msg":"handling connect request for URL https://www.google.com:443"}
{"level":"debug","time":"2023-03-20T17:12:10.186+0530","caller":"custom/setup.go:470","msg":"handling connect request for URL https://www.google.co.in:443"}
{"level":"debug","time":"2023-03-20T17:12:10.363+0530","caller":"custom/setup.go:470","msg":"handling connect request for URL https://files.zohopublic.com:443"}
{"level":"debug","time":"2023-03-20T17:12:10.450+0530","caller":"custom/setup.go:470","msg":"handling connect request for URL https://www.google.com:443"}
{"level":"debug","time":"2023-03-20T17:12:10.451+0530","caller":"custom/setup.go:470","msg":"handling connect request for URL https://www.google.com:443"}
{"level":"debug","time":"2023-03-20T17:12:10.508+0530","caller":"custom/setup.go:470","msg":"handling connect request for URL https://www.google.co.in:443"}
{"level":"debug","time":"2023-03-20T17:12:12.540+0530","caller":"custom/setup.go:470","msg":"handling connect request for URL https://www.facebook.com:443"}
{"level":"debug","time":"2023-03-20T17:12:13.532+0530","caller":"custom/setup.go:470","msg":"handling connect request for URL https://www.facebook.com:443"}
{"level":"debug","time":"2023-03-20T17:12:13.730+0530","caller":"custom/setup.go:470","msg":"handling connect request for URL https://server.recotap.com:443"}
{"level":"debug","time":"2023-03-20T17:12:17.454+0530","caller":"custom/setup.go:470","msg":"handling connect request for URL https://optimizationguide-pa.googleapis.com:443"}
{"level":"debug","time":"2023-03-20T17:12:18.430+0530","caller":"custom/setup.go:470","msg":"handling connect request for URL https://vts.zohopublic.com:443"}
{"level":"debug","time":"2023-03-20T17:12:18.957+0530","caller":"custom/setup.go:470","msg":"handling connect request for URL https://optimizationguide-pa.googleapis.com:443"}
{"level":"debug","time":"2023-03-20T17:12:19.785+0530","caller":"custom/setup.go:470","msg":"handling connect request for URL https://optimizationguide-pa.googleapis.com:443"}
